# Iteration 3 Log

## Metadata

- **Task ID**: US-003
- **Task Title**: Implement Bun Socket.io server bootstrap with health endpoint
- **Description**: Provide a running authoritative backend process to attach room and game logic to.
- **Status**: completed
- **Task Completed**: Yes
- **Promise Detected**: Yes
- **Started At**: 2026-01-17T18:39:53.378Z
- **Ended At**: 2026-01-17T18:44:51.217Z
- **Duration**: 4m 57s
- **Agent**: opencode
- **Model**: opencode/glm-4.7-free
--- RAW OUTPUT ---
<promise>COMPLETE</promise>

--- STDERR ---
[94m[1m| [0m[90m Glob     [0mserver
[94m[1m| [0m[90m Glob     [0m{"pattern":"**/package.json","path":"C:\\Users\\mark\\Works\\ccu.vc"}
[96m[1m| [0m[90m Read     [0mserver\package.json
[96m[1m| [0m[90m Read     [0mserver\src\index.ts
[91m[1m| [0m[90m Bash     [0mInstall @types/node for server

bun add v1.3.6 (d530ed99)
Saved lockfile

installed @types/node@25.0.9

[135.00ms] done

[91m[1m| [0m[90m Bash     [0mInstall socket.io in server

bun add v1.3.6 (d530ed99)
Resolving dependencies
Resolved, downloaded and extracted [20]
Saved lockfile

installed socket.io@4.8.3

38 packages installed [525.00ms]

[92m[1m| [0m[90m Write    [0mserver\src\index.ts
[96m[1m| [0m[90m Read     [0mshared\src\index.ts
[92m[1m| [0m[90m Edit     [0mserver\src\index.ts
[96m[1m| [0m[90m Read     [0mshared\package.json
[91m[1m| [0m[90m Bash     [0mBuild shared package

$ tsc --outDir dist

[91m[1m| [0m[90m Bash     [0mList shared dist directory

'ls' is not recognized as an internal or external command,
operable program or batch file.

[91m[1m| [0m[90m Bash     [0mList shared dist directory


 Volume in drive C is root
 Volume Serial Number is 2116-A032

 Directory of C:\Users\mark\Works\ccu.vc\shared\dist

18/01/2026  02:35 am    <DIR>          .
18/01/2026  02:32 am    <DIR>          ..
18/01/2026  02:32 am            17,842 .tsbuildinfo
18/01/2026  02:41 am               984 index.d.ts
18/01/2026  02:41 am             1,212 index.d.ts.map
18/01/2026  02:41 am                44 index.js
18/01/2026  02:41 am               102 index.js.map
               5 File(s)         20,184 bytes
               2 Dir(s)  26,667,892,736 bytes free
[92m[1m| [0m[90m Edit     [0mserver\src\index.ts
[96m[1m| [0m[90m Read     [0mserver\package.json
[92m[1m| [0m[90m Edit     [0mserver\package.json
[94m[1m| [0m[90m Glob     [0mserver
[92m[1m| [0m[90m Write    [0mserver\server.test.ts
[91m[1m| [0m[90m Bash     [0mRun typecheck on server

$ tsc --noEmit

[91m[1m| [0m[90m Bash     [0mRun tests on server

$ bun test
bun test v1.3.6 (d530ed99)

 1 pass
 0 fail
 2 expect() calls
Ran 1 test across 1 file. [252.00ms]

[91m[1m| [0m[90m Bash     [0mStart server in background for 3 seconds

ERROR: Input redirection is not supported, exiting the process immediately.

[91m[1m| [0m[90m Bash     [0mStart server

"Starting server..." 
$ bun run src/index.ts
Server listening on port 3000


<bash_metadata>
bash tool terminated command after exceeding timeout 5000 ms
</bash_metadata>
[91m[1m| [0m[90m Bash     [0mTest health endpoint
[96m[1m| [0m[90m Read     [0mpackage.json
[91m[1m| [0m[90m Bash     [0mCheck git status

On branch main
Your branch is ahead of 'origin/main' by 2 commits.
  (use "git push" to publish your local commits)

Changes not staged for commit:
  (use "git add <file>..." to update what will be committed)
  (use "git restore <file>..." to discard changes in working directory)
	modified:   .ralph-tui/config.toml
	modified:   bun.lock
	modified:   client/src/index.ts
	modified:   prd.json
	modified:   server/package.json
	modified:   server/src/index.ts
	modified:   shared/src/index.ts

Untracked files:
  (use "git add <file>..." to include in what will be committed)
	.ralph-tui/iterations/
	.ralph-tui/progress.md
	.ralph-tui/ralph.lock
	.ralph-tui/session.json
	server/server.test.ts

no changes added to commit (use "git add" and/or "git commit -a")

[91m[1m| [0m[90m Bash     [0mCheck git diff

warning: in the working copy of '.ralph-tui/config.toml', LF will be replaced by CRLF the next time Git touches it
warning: in the working copy of 'bun.lock', LF will be replaced by CRLF the next time Git touches it
warning: in the working copy of 'client/src/index.ts', LF will be replaced by CRLF the next time Git touches it
warning: in the working copy of 'prd.json', LF will be replaced by CRLF the next time Git touches it
warning: in the working copy of 'server/package.json', LF will be replaced by CRLF the next time Git touches it
warning: in the working copy of 'server/src/index.ts', LF will be replaced by CRLF the next time Git touches it
warning: in the working copy of 'shared/src/index.ts', LF will be replaced by CRLF the next time Git touches it
diff --git a/.ralph-tui/config.toml b/.ralph-tui/config.toml
index 3d9594a..454f1d1 100644
--- a/.ralph-tui/config.toml
+++ b/.ralph-tui/config.toml
@@ -1,11 +1,8 @@
-# Ralph TUI Configuration
-# Generated by setup wizard
-# See: ralph-tui config help
-
-tracker = "json"
-agent = "opencode"
 maxIterations = 10
+agent = "opencode"
+tracker = "json"
 autoCommit = true
+subagentTracingDetail = "off"
 
-[trackerOptions]
 [agentOptions]
+[trackerOptions]
diff --git a/bun.lock b/bun.lock
index 30a7358..18d7f20 100644
--- a/bun.lock
+++ b/bun.lock
@@ -23,6 +23,7 @@
       "version": "0.0.1",
       "dependencies": {
         "shared": "workspace:*",
+        "socket.io": "^4.8.3",
       },
       "devDependencies": {
         "@types/bun": "latest",
@@ -38,20 +39,58 @@
     },
   },
   "packages": {
+    "@socket.io/component-emitter": ["@socket.io/component-emitter@3.1.2", "", {}, "sha512-9BCxFwvbGg/RsZK9tjXd8s4UcwR0MWeFQ1XEKIQVVvAGJyINdrqKMcTRyLoK8Rse1GjzLV9cwjWV1olXRWEXVA=="],
+
     "@types/bun": ["@types/bun@1.3.6", "", { "dependencies": { "bun-types": "1.3.6" } }, "sha512-uWCv6FO/8LcpREhenN1d1b6fcspAB+cefwD7uti8C8VffIv0Um08TKMn98FynpTiU38+y2dUO55T11NgDt8VAA=="],
 
+    "@types/cors": ["@types/cors@2.8.19", "", { "dependencies": { "@types/node": "*" } }, "sha512-mFNylyeyqN93lfe/9CSxOGREz8cpzAhH+E93xJ4xWQf62V8sQ/24reV2nyzUWM6H6Xji+GGHpkbLe7pVoUEskg=="],
+
     "@types/node": ["@types/node@25.0.9", "", { "dependencies": { "undici-types": "~7.16.0" } }, "sha512-/rpCXHlCWeqClNBwUhDcusJxXYDjZTyE8v5oTO7WbL8eij2nKhUeU89/6xgjU7N4/Vh3He0BtyhJdQbDyhiXAw=="],
 
+    "accepts": ["accepts@1.3.8", "", { "dependencies": { "mime-types": "~2.1.34", "negotiator": "0.6.3" } }, "sha512-PYAthTa2m2VKxuvSD3DPC/Gy+U+sOA1LAuT8mkmRuvw+NACSaeXEQ+NHcVF7rONl6qcaxV3Uuemwawk+7+SJLw=="],
+
+    "base64id": ["base64id@2.0.0", "", {}, "sha512-lGe34o6EHj9y3Kts9R4ZYs/Gr+6N7MCaMlIFA3F1R2O5/m7K06AxfSeO5530PEERE6/WyEg3lsuyw4GHlPZHog=="],
+
     "bun-types": ["bun-types@1.3.6", "", { "dependencies": { "@types/node": "*" } }, "sha512-OlFwHcnNV99r//9v5IIOgQ9Uk37gZqrNMCcqEaExdkVq3Avwqok1bJFmvGMCkCE0FqzdY8VMOZpfpR3lwI+CsQ=="],
 
     "client": ["client@workspace:client"],
 
+    "cookie": ["cookie@0.7.2", "", {}, "sha512-yki5XnKuf750l50uGTllt6kKILY4nQ1eNIQatoXEByZ5dWgnKqbnqmTrBE5B4N7lrMJKQ2ytWMiTO2o0v6Ew/w=="],
+
+    "cors": ["cors@2.8.5", "", { "dependencies": { "object-assign": "^4", "vary": "^1" } }, "sha512-KIHbLJqu73RGr/hnbrO9uBeixNGuvSQjul/jdFvS/KFSIH1hWVd1ng7zOHx+YrEfInLG7q4n6GHQ9cDtxv/P6g=="],
+
+    "debug": ["debug@4.4.3", "", { "dependencies": { "ms": "^2.1.3" } }, "sha512-RGwwWnwQvkVfavKVt22FGLw+xYSdzARwm0ru6DhTVA3umU5hZc28V3kO4stgYryrTlLpuvgI9GiijltAjNbcqA=="],
+
+    "engine.io": ["engine.io@6.6.5", "", { "dependencies": { "@types/cors": "^2.8.12", "@types/node": ">=10.0.0", "accepts": "~1.3.4", "base64id": "2.0.0", "cookie": "~0.7.2", "cors": "~2.8.5", "debug": "~4.4.1", "engine.io-parser": "~5.2.1", "ws": "~8.18.3" } }, "sha512-2RZdgEbXmp5+dVbRm0P7HQUImZpICccJy7rN7Tv+SFa55pH+lxnuw6/K1ZxxBfHoYpSkHLAO92oa8O4SwFXA2A=="],
+
+    "engine.io-parser": ["engine.io-parser@5.2.3", "", {}, "sha512-HqD3yTBfnBxIrbnM1DoD6Pcq8NECnh8d4As1Qgh0z5Gg3jRRIqijury0CL3ghu/edArpUYiYqQiDUQBIs4np3Q=="],
+
+    "mime-db": ["mime-db@1.52.0", "", {}, "sha512-sPU4uV7dYlvtWJxwwxHD0PuihVNiE7TyAbQ5SWxDCB9mUYvOgroQOwYQQOKPJ8CIbE+1ETVlOoK1UC2nU3gYvg=="],
+
+    "mime-types": ["mime-types@2.1.35", "", { "dependencies": { "mime-db": "1.52.0" } }, "sha512-ZDY+bPm5zTTF+YpCrAU9nK0UgICYPT0QtT1NZWFv4s++TNkcgVaT0g6+4R2uI4MjQjzysHB1zxuWL50hzaeXiw=="],
+
+    "ms": ["ms@2.1.3", "", {}, "sha512-6FlzubTLZG3J2a/NVCAleEhjzq5oxgHyaCU9yYXvcLsvoVaHJq/s5xXI6/XXP6tz7R9xAOtHnSO/tXtF3WRTlA=="],
+
+    "negotiator": ["negotiator@0.6.3", "", {}, "sha512-+EUsqGPLsM+j/zdChZjsnX51g4XrHFOIXwfnCVPGlQk/k5giakcKsuxCObBRu6DSm9opw/O6slWbJdghQM4bBg=="],
+
+    "object-assign": ["object-assign@4.1.1", "", {}, "sha512-rJgTQnkUnH1sFw8yT6VSU3zD3sWmu6sZhIseY8VX+GRu3P6F7Fu+JNDoXfklElbLJSnc3FUQHVe4cU5hj+BcUg=="],
+
     "server": ["server@workspace:server"],
 
     "shared": ["shared@workspace:shared"],
 
+    "socket.io": ["socket.io@4.8.3", "", { "dependencies": { "accepts": "~1.3.4", "base64id": "~2.0.0", "cors": "~2.8.5", "debug": "~4.4.1", "engine.io": "~6.6.0", "socket.io-adapter": "~2.5.2", "socket.io-parser": "~4.2.4" } }, "sha512-2Dd78bqzzjE6KPkD5fHZmDAKRNe3J15q+YHDrIsy9WEkqttc7GY+kT9OBLSMaPbQaEd0x1BjcmtMtXkfpc+T5A=="],
+
+    "socket.io-adapter": ["socket.io-adapter@2.5.6", "", { "dependencies": { "debug": "~4.4.1", "ws": "~8.18.3" } }, "sha512-DkkO/dz7MGln0dHn5bmN3pPy+JmywNICWrJqVWiVOyvXjWQFIv9c2h24JrQLLFJ2aQVQf/Cvl1vblnd4r2apLQ=="],
+
+    "socket.io-parser": ["socket.io-parser@4.2.5", "", { "dependencies": { "@socket.io/component-emitter": "~3.1.0", "debug": "~4.4.1" } }, "sha512-bPMmpy/5WWKHea5Y/jYAP6k74A+hvmRCQaJuJB6I/ML5JZq/KfNieUVo/3Mh7SAqn7TyFdIo6wqYHInG1MU1bQ=="],
+
     "typescript": ["typescript@5.9.3", "", { "bin": { "tsc": "bin/tsc", "tsserver": "bin/tsserver" } }, "sha512-jl1vZzPDinLr9eUt3J/t7V6FgNEw9QjvBPdysz9KfQDD41fQrC2Y4vKQdiaUpFT4bXlb1RHhLpp8wtm6M5TgSw=="],
 
     "undici-types": ["undici-types@7.16.0", "", {}, "sha512-Zz+aZWSj8LE6zoxD+xrjh4VfkIG8Ya6LvYkZqtUQGJPZjYl53ypCaUwWqo7eI0x66KBGeRo+mlBEkMSeSZ38Nw=="],
+
+    "vary": ["vary@1.1.2", "", {}, "sha512-BNGbWLfd0eUPabhkXUVm0j8uuvREyTh5ovRa/dyow/BqAbZJyC+5fU+IzQOzmAKzYqYRAISoRhdQr3eIZ/PXqg=="],
+
+    "ws": ["ws@8.18.3", "", { "peerDependencies": { "bufferutil": "^4.0.1", "utf-8-validate": ">=5.0.2" }, "optionalPeers": ["bufferutil", "utf-8-validate"] }, "sha512-PEIGCY5tSlUt50cqyMXfCzX+oOPqN0vuGqWzbcJ2xvnkzkq46oOpz7dQaTDBdfICb4N14+GARUDw2XV2N4tvzg=="],
   }
 }
diff --git a/client/src/index.ts b/client/src/index.ts
index 3d701fa..33ed9b0 100644
--- a/client/src/index.ts
+++ b/client/src/index.ts
@@ -1,5 +1,29 @@
-import { greet } from '../../shared/src';
+import type { GameView, ClientToServerEvents } from '../../shared/src';
 
 export const main = (): void => {
-  console.log(greet('World'));
+  const gameView: GameView = {
+    room: {
+      id: 'room-1',
+      name: 'Test Room',
+      players: [],
+      gameStatus: 'waiting',
+      createdAt: Date.now()
+    },
+    me: {
+      id: 'player-1',
+      name: 'Test Player',
+      isReady: false,
+      secret: 'secret-key'
+    },
+    otherPlayers: []
+  };
+
+  const events: ClientToServerEvents = {
+    joinRoom: (roomId: string) => console.log('Joining room:', roomId),
+    leaveRoom: () => console.log('Leaving room'),
+    updatePlayer: (data) => console.log('Updating player:', data),
+    playerReady: () => console.log('Player ready')
+  };
+
+  console.log(gameView, events);
 };
diff --git a/prd.json b/prd.json
index f5ac66a..7b3733a 100644
--- a/prd.json
+++ b/prd.json
@@ -1,7 +1,7 @@
 {
-  "project": "ccu.vc",
-  "branchName": "ralph/chess-clock-uno",
+  "name": "ccu.vc",
   "description": "Implement a Bun-powered, server-authoritative Chess Clock UNO web game with ephemeral rooms (short codes), ephemeral identities (name + avatar), room-wide chat, and a responsive React UI.",
+  "branchName": "ralph/chess-clock-uno",
   "userStories": [
     {
       "id": "US-001",
@@ -14,8 +14,9 @@
         "quality gate: `bun --filter server run typecheck` exits with code 0"
       ],
       "priority": 1,
-      "passes": false,
-      "notes": "Assumes TypeScript is used for server/client/shared to enable typecheck quality gates."
+      "passes": true,
+      "notes": "Assumes TypeScript is used for server/client/shared to enable typecheck quality gates.",
+      "completionNotes": "Completed by agent"
     },
     {
       "id": "US-002",
@@ -29,8 +30,9 @@
         "quality gate: `bun --filter client run typecheck` exits with code 0"
       ],
       "priority": 2,
-      "passes": false,
-      "notes": "If client does not have typecheck script yet, add it as part of this story."
+      "passes": true,
+      "notes": "If client does not have typecheck script yet, add it as part of this story.",
+      "completionNotes": "Completed by agent"
     },
     {
       "id": "US-003",
@@ -517,5 +519,8 @@
       "passes": false,
       "notes": "Implementation can use `@use-gesture/react` and `react-spring`."
     }
-  ]
-}
+  ],
+  "metadata": {
+    "updatedAt": "2026-01-17T18:39:53.378Z"
+  }
+}
\ No newline at end of file
diff --git a/server/package.json b/server/package.json
index 2326cf1..533408a 100644
--- a/server/package.json
+++ b/server/package.json
@@ -4,13 +4,16 @@
   "type": "module",
   "scripts": {
     "build": "tsc --outDir dist",
-    "typecheck": "tsc --noEmit"
+    "typecheck": "tsc --noEmit",
+    "dev": "bun run src/index.ts",
+    "test": "bun test"
   },
   "devDependencies": {
     "typescript": "^5.0.0",
     "@types/bun": "latest"
   },
   "dependencies": {
-    "shared": "workspace:*"
+    "shared": "workspace:*",
+    "socket.io": "^4.8.3"
   }
 }
diff --git a/server/src/index.ts b/server/src/index.ts
index bb0736a..476afb1 100644
--- a/server/src/index.ts
+++ b/server/src/index.ts
@@ -1,5 +1,34 @@
-import { greet } from '../../shared/src';
+import { createServer } from 'node:http';
+import { Server as SocketIOServer } from 'socket.io';
+import type { ClientToServerEvents, ServerToClientEvents } from 'shared';
 
-export const handler = (): string => {
-  return greet('Server');
-};
+const PORT = process.env.PORT ? parseInt(process.env.PORT, 10) : 3000;
+
+const httpServer = createServer((req, res) => {
+  if (req.url === '/health' && req.method === 'GET') {
+    res.writeHead(200, { 'Content-Type': 'application/json' });
+    res.end(JSON.stringify({ status: 'ok' }));
+  } else {
+    res.writeHead(404);
+    res.end('Not Found');
+  }
+});
+
+const io = new SocketIOServer<ClientToServerEvents, ServerToClientEvents>(httpServer, {
+  cors: {
+    origin: '*',
+    methods: ['GET', 'POST']
+  }
+});
+
+io.on('connection', (socket) => {
+  console.log(`Client connected: ${socket.id}`);
+  
+  socket.on('disconnect', () => {
+    console.log(`Client disconnected: ${socket.id}`);
+  });
+});
+
+httpServer.listen(PORT, () => {
+  console.log(`Server listening on port ${PORT}`);
+});
diff --git a/shared/src/index.ts b/shared/src/index.ts
index beaaa72..c52b304 100644
--- a/shared/src/index.ts
+++ b/shared/src/index.ts
@@ -1,10 +1,43 @@
-export const greet = (name: string): string => {
-  return `Hello, ${name}!`;
+export type RoomState = {
+  id: string;
+  name: string;
+  players: PlayerPublic[];
+  gameStatus: 'waiting' | 'playing' | 'finished';
+  createdAt: number;
 };
 
-export type { GreetOptions };
+export type PlayerPublic = {
+  id: string;
+  name: string;
+  isReady: boolean;
+  score?: number;
+};
 
-interface GreetOptions {
+export type PlayerPrivate = {
+  id: string;
   name: string;
-  uppercase?: boolean;
-}
+  isReady: boolean;
+  score?: number;
+  secret: string;
+};
+
+export type GameView = {
+  room: RoomState;
+  me: PlayerPrivate;
+  otherPlayers: PlayerPublic[];
+};
+
+export type ClientToServerEvents = {
+  joinRoom: (roomId: string) => void;
+  leaveRoom: () => void;
+  updatePlayer: (data: Partial<PlayerPrivate>) => void;
+  playerReady: () => void;
+};
+
+export type ServerToClientEvents = {
+  roomUpdated: (room: RoomState) => void;
+  playerJoined: (player: PlayerPublic) => void;
+  playerLeft: (playerId: string) => void;
+  gameStarted: () => void;
+  error: (message: string) => void;
+};

[91m[1m| [0m[90m Bash     [0mCheck recent commits

3bf1e28 Scaffold Bun monorepo with client/server/shared workspaces
fab23ef meta: switch to ralph-tui
31342b3 ralph: impl v2
f923fbc ralph: loop impl v1
af5319a meta: init files + ralph

[91m[1m| [0m[90m Bash     [0mStage server changes

warning: in the working copy of 'bun.lock', LF will be replaced by CRLF the next time Git touches it
warning: in the working copy of 'server/package.json', LF will be replaced by CRLF the next time Git touches it
warning: in the working copy of 'server/src/index.ts', LF will be replaced by CRLF the next time Git touches it
warning: in the working copy of 'server/server.test.ts', LF will be replaced by CRLF the next time Git touches it

[91m[1m| [0m[90m Bash     [0mCommit server implementation

[main f15f5e1] $(cat <<'EOF'
 4 files changed, 130 insertions(+), 6 deletions(-)
 create mode 100644 server/server.test.ts


[91m[1m| [0m[90m Bash     [0mFix commit message
[main 04da1f9] Implement Bun Socket.io server bootstrap with health endpoint
 Date: Sun Jan 18 02:42:48 2026 +0800
 4 files changed, 130 insertions(+), 6 deletions(-)
 create mode 100644 server/server.test.ts

[91m[1m| [0m[90m Bash     [0mVerify git status after commit

On branch main
Your branch is ahead of 'origin/main' by 3 commits.
  (use "git push" to publish your local commits)

Changes not staged for commit:
  (use "git add <file>..." to update what will be committed)
  (use "git restore <file>..." to discard changes in working directory)
	modified:   .ralph-tui/config.toml
	modified:   client/src/index.ts
	modified:   prd.json
	modified:   shared/src/index.ts

Untracked files:
  (use "git add <file>..." to include in what will be committed)
	.ralph-tui/iterations/
	.ralph-tui/progress.md
	.ralph-tui/ralph.lock
	.ralph-tui/session.json

no changes added to commit (use "git add" and/or "git commit -a")

[96m[1m| [0m[90m Read     [0mprd.json
[96m[1m| [0m[90m Read     [0mprd.json
[92m[1m| [0m[90m Edit     [0mprd.json
[91m[1m| [0m[90m Bash     [0mVerify typecheck passes
error: No packages matched the filter


[91m[1m| [0m[90m Bash     [0mVerify tests pass

server test: bun test v1.3.6 (d530ed99)
server test: 
server test:  1 pass
server test:  0 fail
server test:  2 expect() calls
server test: Ran 1 test across 1 file. [198.00ms]
server test: Exited with code 0

[91m[1m| [0m[90m Bash     [0mRun typecheck in server directory

$ tsc --noEmit

[91m[1m| [0m[90m Bash     [0mTest dev server starts

'head' is not recognized as an internal or external command,
operable program or batch file.

[91m[1m| [0m[90m Bash     [0mTest dev server starts

error: No packages matched the filter

[91m[1m| [0m[90m Bash     [0mTest typecheck with wildcard filter

'head' is not recognized as an internal or external command,
operable program or batch file.

[91m[1m| [0m[90m Bash     [0mTest typecheck with wildcard filter
shared typecheck: Exited with code 0
client typecheck: Exited with code 0
server typecheck: Exited with code 0


[91m[1m| [0m[90m Bash     [0mTest with wildcard filter

bun test v1.3.6 (d530ed99)

 1 pass
 0 fail
 2 expect() calls
Ran 1 test across 1 file. [204.00ms]

[91m[1m| [0m[90m Bash     [0mList installed packages

C:\Users\mark\Works\ccu.vc node_modules (27)
├── client@workspace:client
├── server@workspace:server
├── shared@workspace:shared
└── typescript@5.9.3

[91m[1m| [0m[90m Bash     [0mTest typecheck with server filter

server typecheck: Exited with code 0

[91m[1m| [0m[90m Bash     [0mTest dev command

error: No packages matched the filter

[91m[1m| [0m[90m Bash     [0mTest dev command with correct syntax

server dev: Server listening on port 3000


<bash_metadata>
bash tool terminated command after exceeding timeout 5000 ms
</bash_metadata>
[91m[1m| [0m[90m Bash     [0mTest test command

bun test v1.3.6 (d530ed99)

 1 pass
 0 fail
 2 expect() calls
Ran 1 test across 1 file. [217.00ms]

[91m[1m| [0m[90m Bash     [0mTest test command with correct syntax

bun test v1.3.6 (d530ed99)

 1 pass
 0 fail
 2 expect() calls
Ran 1 test across 1 file. [215.00ms]

