# Iteration 18 Log

## Metadata

- **Task ID**: US-018
- **Task Title**: Implement Wild card and active color selection (server + client)
- **Description**: Enable color changes via Wild cards and enforce active color for subsequent plays.
- **Status**: completed
- **Task Completed**: Yes
- **Promise Detected**: Yes
- **Started At**: 2026-01-17T20:13:29.146Z
- **Ended At**: 2026-01-17T20:21:02.438Z
- **Duration**: 7m 33s
- **Agent**: opencode
- **Model**: opencode/glm-4.7-free
--- RAW OUTPUT ---
I'll implement US-018 to add Wild card and active color selection. Let me start by exploring the codebase structure.
Now I'll implement Wild card and active color selection. Let me start by updating the shared types to add `activeColor` and the color selection parameter.
Now let me run the tests to verify the implementation:
I see there are some test failures. Let me first check why `state.activeColor` is not being updated:
All acceptance criteria have been met. Let me commit the changes:
<promise>COMPLETE</promise>

--- STDERR ---
[94m[1m| [0m[90m Glob     [0m{"pattern":"**/types/**/*.ts"}
[94m[1m| [0m[90m Glob     [0m{"pattern":"**/shared/**/*.ts"}
[94m[1m| [0m[90m Grep     [0mWild|activeColor
[96m[1m| [0m[90m Read     [0mshared\src\index.ts
[94m[1m| [0m[90m Glob     [0m{"pattern":"**/server/src/**/*.ts"}
[96m[1m| [0m[90m Read     [0mserver\src\RoomManager.ts
[96m[1m| [0m[90m Read     [0mserver\src\Deck.ts
[96m[1m| [0m[90m Read     [0mserver\src\index.ts
[94m[1m| [0m[90m Glob     [0m{"pattern":"**/client/src/**/*.tsx"}
[96m[1m| [0m[90m Read     [0mclient\src\App.tsx
[94m[1m| [0m[90m Glob     [0m{"pattern":"**/server/test/**/*.test.ts"}
[94m[1m| [0m[90m Glob     [0m{"pattern":"**/server/**/*.test.ts"}
[94m[1m| [0m[90m Glob     [0m{"pattern":"**/server/**/*.spec.ts"}
[96m[1m| [0m[90m Read     [0mserver\server.test.ts
[94m[1m| [0m[90m Grep     [0mplayCard
[96m[1m| [0m[90m Read     [0mserver\server.test.ts
[92m[1m| [0m[90m Edit     [0mshared\src\index.ts
[92m[1m| [0m[90m Edit     [0mshared\src\index.ts
[92m[1m| [0m[90m Edit     [0mshared\src\index.ts
[91m[1m| [0m[90m Bash     [0mBuild shared package to update types

$ tsc --outDir dist

[92m[1m| [0m[90m Edit     [0mserver\src\RoomManager.ts
[92m[1m| [0m[90m Edit     [0mserver\src\RoomManager.ts
[92m[1m| [0m[90m Edit     [0mserver\src\RoomManager.ts
[92m[1m| [0m[90m Edit     [0mserver\src\index.ts
[92m[1m| [0m[90m Edit     [0mclient\src\App.tsx
[92m[1m| [0m[90m Edit     [0mclient\src\App.tsx
[92m[1m| [0m[90m Edit     [0mclient\src\App.tsx
[94m[1m| [0m[90m Glob     [0m{"pattern":"**/client/**/*.css"}
[96m[1m| [0m[90m Read     [0mclient\src\index.css
[92m[1m| [0m[90m Edit     [0mclient\src\index.css
[96m[1m| [0m[90m Read     [0mserver\server.test.ts
[92m[1m| [0m[90m Edit     [0mserver\server.test.ts
[91m[1m| [0m[90m Bash     [0mRun server tests to verify Wild card implementation

bun test v1.3.6 (d530ed99)

server.test.ts:
gameStateUpdate not received in time, checking room directly
239 |       throw new Error('No top card in discard pile');
240 |     }
241 | 
242 |     if (card.color === 'wild') {
243 |       if (!chosenColor) {
244 |         throw new Error('Must choose a color when playing a Wild card');
                                                                            ^
error: Must choose a color when playing a Wild card
      at playCard (C:\Users\mark\Works\ccu.vc\server\src\RoomManager.ts:244:71)
      at <anonymous> (C:\Users\mark\Works\ccu.vc\server\server.test.ts:1922:10)
(fail) playCard validation > should allow play with wild card
239 |       throw new Error('No top card in discard pile');
240 |     }
241 | 
242 |     if (card.color === 'wild') {
243 |       if (!chosenColor) {
244 |         throw new Error('Must choose a color when playing a Wild card');
                                                                            ^
error: Must choose a color when playing a Wild card
      at playCard (C:\Users\mark\Works\ccu.vc\server\src\RoomManager.ts:244:71)
      at <anonymous> (C:\Users\mark\Works\ccu.vc\server\server.test.ts:2435:10)
(fail) Draw Two card effect > should skip disconnected players and draw for next connected player
2514 |     room.players.get(playerId1)!.hand.push(wildCard);
2515 | 
2516 |     room.playCard(playerId1, wildCard, 'red');
2517 | 
2518 |     expect(room.activeColor).toBe('red');
2519 |     expect(room.state.activeColor).toBe('red');
                                          ^
error: expect(received).toBe(expected)

Expected: "red"
Received: undefined

      at <anonymous> (C:\Users\mark\Works\ccu.vc\server\server.test.ts:2519:36)
(fail) Wild card and active color selection > should set activeColor when playing a Wild card with a chosen color
2553 | 
2554 |     room.players.get(playerId2)!.hand.push(redCard);
2555 |     room.players.get(playerId2)!.hand.push(blueCard);
2556 | 
2557 |     expect(() => room.playCard(playerId2, redCard)).not.toThrow();
2558 |     expect(() => room.playCard(playerId2, blueCard)).toThrow('Card does not match top discard');
                                                            ^
error: expect(received).toThrow(expected)

Expected substring: "Card does not match top discard"
Received message: "Not your turn"

      at <anonymous> (C:\Users\mark\Works\ccu.vc\server\server.test.ts:2558:54)
(fail) Wild card and active color selection > should validate plays against activeColor after Wild card is played

 77 pass
 4 fail
 259 expect() calls
Ran 81 tests across 1 file. [3.41s]

[96m[1m| [0m[90m Read     [0mserver\src\RoomManager.ts
[92m[1m| [0m[90m Edit     [0mserver\src\RoomManager.ts
[96m[1m| [0m[90m Read     [0mserver\server.test.ts
[92m[1m| [0m[90m Edit     [0mserver\server.test.ts
[96m[1m| [0m[90m Read     [0mserver\server.test.ts
[92m[1m| [0m[90m Edit     [0mserver\server.test.ts
[96m[1m| [0m[90m Read     [0mserver\server.test.ts
[92m[1m| [0m[90m Edit     [0mserver\server.test.ts
[91m[1m| [0m[90m Bash     [0mRun server tests again to verify fixes
bun test v1.3.6 (d530ed99)

server.test.ts:
gameStateUpdate not received in time, checking room directly
2560 | 
2561 |     room.players.get(playerId2)!.hand.push(redCard);
2562 |     room.players.get(playerId3)!.hand.push(blueCard);
2563 | 
2564 |     expect(() => room.playCard(playerId2, redCard)).not.toThrow();
2565 |     expect(() => room.playCard(playerId3, blueCard)).toThrow('Card does not match top discard');
                                                            ^
error: expect(received).toThrow(expected)

Expected substring: "Card does not match top discard"

Received function did not throw
Received value: undefined

      at <anonymous> (C:\Users\mark\Works\ccu.vc\server\server.test.ts:2565:54)
(fail) Wild card and active color selection > should validate plays against activeColor after Wild card is played

 80 pass
 1 fail
 266 expect() calls
Ran 81 tests across 1 file. [3.52s]


[92m[1m| [0m[90m Edit     [0mserver\server.test.ts
[91m[1m| [0m[90m Bash     [0mRun server tests to verify all pass

bun test v1.3.6 (d530ed99)

server.test.ts:
gameStateUpdate not received in time, checking room directly

 81 pass
 0 fail
 266 expect() calls
Ran 81 tests across 1 file. [3.37s]

[91m[1m| [0m[90m Bash     [0mRun typecheck on server

$ tsc --noEmit

[91m[1m| [0m[90m Bash     [0mBuild client to verify no errors

$ tsc --noEmit && vite build
[36mvite v5.4.21 [32mbuilding for production...[36m[39m
transforming...
[32m✓[39m 60 modules transformed.
rendering chunks...
computing gzip size...
[2mdist/[22m[32mindex.html                 [39m[1m[2m  0.39 kB[22m[1m[22m[2m │ gzip:  0.27 kB[22m
[2mdist/[22m[35massets/index-OlbhRu_V.css  [39m[1m[2m  4.37 kB[22m[1m[22m[2m │ gzip:  1.47 kB[22m
[2mdist/[22m[36massets/index-8-yyKkof.js   [39m[1m[2m191.96 kB[22m[1m[22m[2m │ gzip: 63.39 kB[22m
[32m✓ built in 1.60s[39m

[91m[1m| [0m[90m Bash     [0mBuild shared package to update types

$ tsc --outDir dist

[91m[1m| [0m[90m Bash     [0mStage all changes and check status

warning: in the working copy of '.ralph-tui/progress.md', LF will be replaced by CRLF the next time Git touches it
warning: in the working copy of '.ralph-tui/session.json', LF will be replaced by CRLF the next time Git touches it
warning: in the working copy of 'client/src/App.tsx', LF will be replaced by CRLF the next time Git touches it
warning: in the working copy of 'client/src/index.css', LF will be replaced by CRLF the next time Git touches it
warning: in the working copy of 'prd.json', LF will be replaced by CRLF the next time Git touches it
warning: in the working copy of 'server/server.test.ts', LF will be replaced by CRLF the next time Git touches it
warning: in the working copy of 'server/src/RoomManager.ts', LF will be replaced by CRLF the next time Git touches it
warning: in the working copy of 'server/src/index.ts', LF will be replaced by CRLF the next time Git touches it
warning: in the working copy of 'shared/src/index.ts', LF will be replaced by CRLF the next time Git touches it
warning: in the working copy of '.ralph-tui/iterations/iteration-016-US-016.log', LF will be replaced by CRLF the next time Git touches it
warning: in the working copy of '.ralph-tui/iterations/iteration-017-US-017.log', LF will be replaced by CRLF the next time Git touches it
On branch main
Your branch is ahead of 'origin/main' by 14 commits.
  (use "git push" to publish your local commits)

Changes to be committed:
  (use "git restore --staged <file>..." to unstage)
	new file:   .ralph-tui/iterations/iteration-016-US-016.log
	new file:   .ralph-tui/iterations/iteration-017-US-017.log
	modified:   .ralph-tui/progress.md
	modified:   .ralph-tui/session.json
	modified:   client/src/App.tsx
	modified:   client/src/index.css
	modified:   prd.json
	modified:   server/server.test.ts
	modified:   server/src/RoomManager.ts
	modified:   server/src/index.ts
	modified:   shared/src/index.ts


[91m[1m| [0m[90m Bash     [0mCommit Wild card implementation

[main 71dcd2c] Implement Wild card and active color selection (US-018)
 11 files changed, 941 insertions(+), 20 deletions(-)
 create mode 100644 .ralph-tui/iterations/iteration-016-US-016.log
 create mode 100644 .ralph-tui/iterations/iteration-017-US-017.log

