# Iteration 1 Log

## Metadata

- **Task ID**: US-001
- **Task Title**: Scaffold Bun monorepo with client/server/shared workspaces
- **Description**: Create the baseline repo structure and Bun scripts so all later work can compile and run consistently.
- **Status**: completed
- **Task Completed**: Yes
- **Promise Detected**: Yes
- **Started At**: 2026-01-17T18:27:55.774Z
- **Ended At**: 2026-01-17T18:37:59.026Z
- **Duration**: 10m 3s
- **Agent**: opencode
- **Model**: opencode/glm-4.7-free
--- RAW OUTPUT ---
I'll implement this user story to scaffold a Bun monorepo with client/server/shared workspaces.

Let me first check the current state of the repository:
<promise>COMPLETE</promise>

--- STDERR ---
[91m[1m| [0m[90m Bash     [0mList current directory contents

'ls' is not recognized as an internal or external command,
operable program or batch file.

[94m[1m| [0m[90m Glob     [0m{"pattern":"**/package.json"}
[91m[1m| [0m[90m Bash     [0mList current directory contents

 Volume in drive C is root
 Volume Serial Number is 2116-A032

 Directory of C:\Users\mark\Works\ccu.vc

18/01/2026  02:25 am    <DIR>          .
17/01/2026  10:57 pm    <DIR>          ..
18/01/2026  02:25 am                60 .gitignore
18/01/2026  02:27 am    <DIR>          .ralph-tui
17/01/2026  11:49 pm    <DIR>          agents
18/01/2026  12:36 am             7,207 IMPLEMENTATION.md
18/01/2026  02:27 am            29,811 prd.json
18/01/2026  01:05 am               348 README.md
               4 File(s)         37,426 bytes
               4 Dir(s)  26,695,708,672 bytes free

[96m[1m| [0m[90m Read     [0m.gitignore
[92m[1m| [0m[90m Write    [0mpackage.json
[92m[1m| [0m[90m Write    [0mclient\package.json
[92m[1m| [0m[90m Write    [0mserver\package.json
[92m[1m| [0m[90m Write    [0mshared\package.json
[92m[1m| [0m[90m Write    [0mtsconfig.json
[92m[1m| [0m[90m Write    [0mclient\tsconfig.json
[92m[1m| [0m[90m Write    [0mserver\tsconfig.json
[92m[1m| [0m[90m Write    [0mshared\tsconfig.json
[92m[1m| [0m[90m Write    [0mshared\src\index.ts
[92m[1m| [0m[90m Write    [0mclient\src\index.ts
[92m[1m| [0m[90m Write    [0mserver\src\index.ts
[92m[1m| [0m[90m Edit     [0mshared\package.json
[91m[1m| [0m[90m Bash     [0mInstall dependencies using bun

bun install v1.3.6 (d530ed99)
Resolving dependencies
Resolved, downloaded and extracted [4]
Saved lockfile

+ typescript@5.9.3

10 packages installed [630.00ms]

[91m[1m| [0m[90m Bash     [0mBuild client workspace

error: No packages matched the filter

[91m[1m| [0m[90m Bash     [0mBuild client from client directory

$ tsc
error TS18003: No inputs were found in config file 'C:/Users/mark/Works/ccu.vc/client/tsconfig.json'. Specified 'include' paths were '["../src/**/*"]' and 'exclude' paths were '["../node_modules","../dist"]'.

[96m[1m| [0m[90m Read     [0mclient\tsconfig.json
[92m[1m| [0m[90m Edit     [0mtsconfig.json
[92m[1m| [0m[90m Edit     [0mclient\tsconfig.json
[92m[1m| [0m[90m Edit     [0mserver\tsconfig.json
[92m[1m| [0m[90m Edit     [0mshared\tsconfig.json
[91m[1m| [0m[90m Bash     [0mBuild client from client directory

$ tsc
error TS18003: No inputs were found in config file 'C:/Users/mark/Works/ccu.vc/client/tsconfig.json'. Specified 'include' paths were '["../src/**/*"]' and 'exclude' paths were '["../node_modules","../dist"]'.

[92m[1m| [0m[90m Edit     [0mtsconfig.json
[92m[1m| [0m[90m Edit     [0mclient\tsconfig.json
[92m[1m| [0m[90m Edit     [0mserver\tsconfig.json
[92m[1m| [0m[90m Edit     [0mshared\tsconfig.json
[91m[1m| [0m[90m Bash     [0mBuild client from client directory

$ tsc
src/index.ts(1,23): error TS2307: Cannot find module 'shared' or its corresponding type declarations.

[91m[1m| [0m[90m Bash     [0mBuild shared package first

$ tsc

[91m[1m| [0m[90m Bash     [0mBuild client after building shared

$ tsc
src/index.ts(1,23): error TS2307: Cannot find module 'shared' or its corresponding type declarations.

[92m[1m| [0m[90m Edit     [0mclient\tsconfig.json
[92m[1m| [0m[90m Edit     [0mserver\tsconfig.json
[91m[1m| [0m[90m Bash     [0mBuild client with paths mapping

$ tsc
src/index.ts(1,23): error TS6059: File 'C:/Users/mark/Works/ccu.vc/shared/src/index.ts' is not under 'rootDir' 'C:/Users/mark/Works/ccu.vc/client/src'. 'rootDir' is expected to contain all source files.
src/index.ts(1,23): error TS6307: File 'C:/Users/mark/Works/ccu.vc/shared/src/index.ts' is not listed within the file list of project 'C:/Users/mark/Works/ccu.vc/client/tsconfig.json'. Projects must list all files or use an 'include' pattern.

[92m[1m| [0m[90m Edit     [0mclient\tsconfig.json
[92m[1m| [0m[90m Edit     [0mserver\tsconfig.json
[91m[1m| [0m[90m Bash     [0mBuild client with project references

$ tsc
error TS5055: Cannot write file 'C:/Users/mark/Works/ccu.vc/dist/index.d.ts' because it would overwrite input file.
tsconfig.json(6,5): error TS6377: Cannot write file 'C:/Users/mark/Works/ccu.vc/tsconfig.tsbuildinfo' because it will overwrite '.tsbuildinfo' file generated by referenced project 'C:/Users/mark/Works/ccu.vc/shared'
error: script "build" exited with code 1

[92m[1m| [0m[90m Edit     [0mshared\tsconfig.json
[92m[1m| [0m[90m Edit     [0mclient\tsconfig.json
[92m[1m| [0m[90m Edit     [0mserver\tsconfig.json
[91m[1m| [0m[90m Bash     [0mBuild shared then client

$ tsc
$ tsc
error TS5055: Cannot write file 'C:/Users/mark/Works/ccu.vc/dist/index.d.ts' because it would overwrite input file.
error: script "build" exited with code 1

[92m[1m| [0m[90m Edit     [0mclient\tsconfig.json
[92m[1m| [0m[90m Edit     [0mserver\tsconfig.json
[92m[1m| [0m[90m Edit     [0mshared\tsconfig.json
[92m[1m| [0m[90m Edit     [0mshared\src\index.ts
[91m[1m| [0m[90m Bash     [0mBuild shared package
$ tsc


[91m[1m| [0m[90m Bash     [0mBuild client package

$ tsc
src/index.ts(1,23): error TS2307: Cannot find module 'shared' or its corresponding type declarations.

[91m[1m| [0m[90m Bash     [0mCheck shared dist directory

 Volume in drive C is root
 Volume Serial Number is 2116-A032

 Directory of C:\Users\mark\Works\ccu.vc\shared\dist

18/01/2026  02:32 am    <DIR>          .
18/01/2026  02:32 am    <DIR>          ..
18/01/2026  02:32 am            17,842 .tsbuildinfo
               1 File(s)         17,842 bytes
               2 Dir(s)  26,693,136,384 bytes free

[91m[1m| [0m[90m Bash     [0mCheck shared src directory

 Volume in drive C is root
 Volume Serial Number is 2116-A032

 Directory of C:\Users\mark\Works\ccu.vc\shared\src

18/01/2026  02:31 am    <DIR>          .
18/01/2026  02:32 am    <DIR>          ..
18/01/2026  02:31 am                89 index.d.ts
18/01/2026  02:31 am               147 index.d.ts.map
18/01/2026  02:31 am                99 index.js
18/01/2026  02:31 am               191 index.js.map
18/01/2026  02:32 am               178 index.ts
               5 File(s)            704 bytes
               2 Dir(s)  26,692,599,808 bytes free

[91m[1m| [0m[90m Bash     [0mCheck shared directory structure

 Volume in drive C is root
 Volume Serial Number is 2116-A032

 Directory of C:\Users\mark\Works\ccu.vc\shared

18/01/2026  02:32 am    <DIR>          .
18/01/2026  02:30 am    <DIR>          ..
18/01/2026  02:32 am    <DIR>          dist
18/01/2026  02:29 am    <DIR>          node_modules
18/01/2026  02:29 am               299 package.json
18/01/2026  02:31 am    <DIR>          src
18/01/2026  02:32 am               229 tsconfig.json
               2 File(s)            528 bytes
               5 Dir(s)  26,692,583,424 bytes free

[92m[1m| [0m[90m Edit     [0mshared\tsconfig.json
[91m[1m| [0m[90m Bash     [0mRebuild shared and check dist

$ tsc
 Volume in drive C is root
 Volume Serial Number is 2116-A032

 Directory of C:\Users\mark\Works\ccu.vc\shared\dist

18/01/2026  02:32 am    <DIR>          .
18/01/2026  02:32 am    <DIR>          ..
18/01/2026  02:32 am            17,842 .tsbuildinfo
               1 File(s)         17,842 bytes
               2 Dir(s)  26,692,546,560 bytes free

[91m[1m| [0m[90m Bash     [0mCheck shared src directory

 Volume in drive C is root
 Volume Serial Number is 2116-A032

 Directory of C:\Users\mark\Works\ccu.vc\shared\src

18/01/2026  02:31 am    <DIR>          .
18/01/2026  02:32 am    <DIR>          ..
18/01/2026  02:31 am                89 index.d.ts
18/01/2026  02:31 am               147 index.d.ts.map
18/01/2026  02:31 am                99 index.js
18/01/2026  02:31 am               191 index.js.map
18/01/2026  02:32 am               178 index.ts
               5 File(s)            704 bytes
               2 Dir(s)  26,692,534,272 bytes free

[96m[1m| [0m[90m Read     [0mshared\src\index.ts
[91m[1m| [0m[90m Bash     [0mClean up shared src directory
[91m[1m| [0m[90m Bash     [0mRebuild shared and check dist

$ tsc
 Volume in drive C is root
 Volume Serial Number is 2116-A032

[91m[1m| [0m[90m Bash     [0mRebuild shared package

$ tsc

[91m[1m| [0m[90m Bash     [0mCheck shared dist directory

 Volume in drive C is root
 Volume Serial Number is 2116-A032

 Directory of C:\Users\mark\Works\ccu.vc\shared\dist

18/01/2026  02:32 am    <DIR>          .
18/01/2026  02:32 am    <DIR>          ..
18/01/2026  02:32 am            17,842 .tsbuildinfo
               1 File(s)         17,842 bytes
               2 Dir(s)  26,692,403,200 bytes free

[96m[1m| [0m[90m Read     [0mshared\tsconfig.json
[96m[1m| [0m[90m Read     [0mtsconfig.json
[92m[1m| [0m[90m Edit     [0mtsconfig.json
[91m[1m| [0m[90m Bash     [0mRebuild shared and check dist

$ tsc
 Volume in drive C is root
 Volume Serial Number is 2116-A032

 Directory of C:\Users\mark\Works\ccu.vc\shared\dist

18/01/2026  02:32 am    <DIR>          .
18/01/2026  02:32 am    <DIR>          ..
18/01/2026  02:32 am            17,842 .tsbuildinfo
               1 File(s)         17,842 bytes
               2 Dir(s)  26,692,333,568 bytes free

[91m[1m| [0m[90m Bash     [0mList files TypeScript would compile

'npx' is not recognized as an internal or external command,
operable program or batch file.

[91m[1m| [0m[90m Bash     [0mList files TypeScript would compile

C:/Users/mark/Works/ccu.vc/node_modules/.bun/typescript@5.9.3/node_modules/typescript/lib/lib.es5.d.ts
C:/Users/mark/Works/ccu.vc/node_modules/.bun/typescript@5.9.3/node_modules/typescript/lib/lib.es2015.d.ts
C:/Users/mark/Works/ccu.vc/node_modules/.bun/typescript@5.9.3/node_modules/typescript/lib/lib.es2016.d.ts
C:/Users/mark/Works/ccu.vc/node_modules/.bun/typescript@5.9.3/node_modules/typescript/lib/lib.es2017.d.ts
C:/Users/mark/Works/ccu.vc/node_modules/.bun/typescript@5.9.3/node_modules/typescript/lib/lib.es2018.d.ts
C:/Users/mark/Works/ccu.vc/node_modules/.bun/typescript@5.9.3/node_modules/typescript/lib/lib.es2019.d.ts
C:/Users/mark/Works/ccu.vc/node_modules/.bun/typescript@5.9.3/node_modules/typescript/lib/lib.es2020.d.ts
C:/Users/mark/Works/ccu.vc/node_modules/.bun/typescript@5.9.3/node_modules/typescript/lib/lib.es2021.d.ts
C:/Users/mark/Works/ccu.vc/node_modules/.bun/typescript@5.9.3/node_modules/typescript/lib/lib.es2022.d.ts
C:/Users/mark/Works/ccu.vc/node_modules/.bun/typescript@5.9.3/node_modules/typescript/lib/lib.es2023.d.ts
C:/Users/mark/Works/ccu.vc/node_modules/.bun/typescript@5.9.3/node_modules/typescript/lib/lib.es2024.d.ts
C:/Users/mark/Works/ccu.vc/node_modules/.bun/typescript@5.9.3/node_modules/typescript/lib/lib.esnext.d.ts
C:/Users/mark/Works/ccu.vc/node_modules/.bun/typescript@5.9.3/node_modules/typescript/lib/lib.dom.d.ts
C:/Users/mark/Works/ccu.vc/node_modules/.bun/typescript@5.9.3/node_modules/typescript/lib/lib.es2015.core.d.ts
C:/Users/mark/Works/ccu.vc/node_modules/.bun/typescript@5.9.3/node_modules/typescript/lib/lib.es2015.collection.d.ts
C:/Users/mark/Works/ccu.vc/node_modules/.bun/typescript@5.9.3/node_modules/typescript/lib/lib.es2015.generator.d.ts
C:/Users/mark/Works/ccu.vc/node_modules/.bun/typescript@5.9.3/node_modules/typescript/lib/lib.es2015.iterable.d.ts
C:/Users/mark/Works/ccu.vc/node_modules/.bun/typescript@5.9.3/node_modules/typescript/lib/lib.es2015.promise.d.ts
C:/Users/mark/Works/ccu.vc/node_modules/.bun/typescript@5.9.3/node_modules/typescript/lib/lib.es2015.proxy.d.ts
C:/Users/mark/Works/ccu.vc/node_modules/.bun/typescript@5.9.3/node_modules/typescript/lib/lib.es2015.reflect.d.ts
C:/Users/mark/Works/ccu.vc/node_modules/.bun/typescript@5.9.3/node_modules/typescript/lib/lib.es2015.symbol.d.ts
C:/Users/mark/Works/ccu.vc/node_modules/.bun/typescript@5.9.3/node_modules/typescript/lib/lib.es2015.symbol.wellknown.d.ts
C:/Users/mark/Works/ccu.vc/node_modules/.bun/typescript@5.9.3/node_modules/typescript/lib/lib.es2016.array.include.d.ts
C:/Users/mark/Works/ccu.vc/node_modules/.bun/typescript@5.9.3/node_modules/typescript/lib/lib.es2016.intl.d.ts
C:/Users/mark/Works/ccu.vc/node_modules/.bun/typescript@5.9.3/node_modules/typescript/lib/lib.es2017.arraybuffer.d.ts
C:/Users/mark/Works/ccu.vc/node_modules/.bun/typescript@5.9.3/node_modules/typescript/lib/lib.es2017.date.d.ts
C:/Users/mark/Works/ccu.vc/node_modules/.bun/typescript@5.9.3/node_modules/typescript/lib/lib.es2017.object.d.ts
C:/Users/mark/Works/ccu.vc/node_modules/.bun/typescript@5.9.3/node_modules/typescript/lib/lib.es2017.sharedmemory.d.ts
C:/Users/mark/Works/ccu.vc/node_modules/.bun/typescript@5.9.3/node_modules/typescript/lib/lib.es2017.string.d.ts
C:/Users/mark/Works/ccu.vc/node_modules/.bun/typescript@5.9.3/node_modules/typescript/lib/lib.es2017.intl.d.ts
C:/Users/mark/Works/ccu.vc/node_modules/.bun/typescript@5.9.3/node_modules/typescript/lib/lib.es2017.typedarrays.d.ts
C:/Users/mark/Works/ccu.vc/node_modules/.bun/typescript@5.9.3/node_modules/typescript/lib/lib.es2018.asyncgenerator.d.ts
C:/Users/mark/Works/ccu.vc/node_modules/.bun/typescript@5.9.3/node_modules/typescript/lib/lib.es2018.asynciterable.d.ts
C:/Users/mark/Works/ccu.vc/node_modules/.bun/typescript@5.9.3/node_modules/typescript/lib/lib.es2018.intl.d.ts
C:/Users/mark/Works/ccu.vc/node_modules/.bun/typescript@5.9.3/node_modules/typescript/lib/lib.es2018.promise.d.ts
C:/Users/mark/Works/ccu.vc/node_modules/.bun/typescript@5.9.3/node_modules/typescript/lib/lib.es2018.regexp.d.ts
C:/Users/mark/Works/ccu.vc/node_modules/.bun/typescript@5.9.3/node_modules/typescript/lib/lib.es2019.array.d.ts
C:/Users/mark/Works/ccu.vc/node_modules/.bun/typescript@5.9.3/node_modules/typescript/lib/lib.es2019.object.d.ts
C:/Users/mark/Works/ccu.vc/node_modules/.bun/typescript@5.9.3/node_modules/typescript/lib/lib.es2019.string.d.ts
C:/Users/mark/Works/ccu.vc/node_modules/.bun/typescript@5.9.3/node_modules/typescript/lib/lib.es2019.symbol.d.ts
C:/Users/mark/Works/ccu.vc/node_modules/.bun/typescript@5.9.3/node_modules/typescript/lib/lib.es2019.intl.d.ts
C:/Users/mark/Works/ccu.vc/node_modules/.bun/typescript@5.9.3/node_modules/typescript/lib/lib.es2020.bigint.d.ts
C:/Users/mark/Works/ccu.vc/node_modules/.bun/typescript@5.9.3/node_modules/typescript/lib/lib.es2020.date.d.ts
C:/Users/mark/Works/ccu.vc/node_modules/.bun/typescript@5.9.3/node_modules/typescript/lib/lib.es2020.promise.d.ts
C:/Users/mark/Works/ccu.vc/node_modules/.bun/typescript@5.9.3/node_modules/typescript/lib/lib.es2020.sharedmemory.d.ts
C:/Users/mark/Works/ccu.vc/node_modules/.bun/typescript@5.9.3/node_modules/typescript/lib/lib.es2020.string.d.ts
C:/Users/mark/Works/ccu.vc/node_modules/.bun/typescript@5.9.3/node_modules/typescript/lib/lib.es2020.symbol.wellknown.d.ts
C:/Users/mark/Works/ccu.vc/node_modules/.bun/typescript@5.9.3/node_modules/typescript/lib/lib.es2020.intl.d.ts
C:/Users/mark/Works/ccu.vc/node_modules/.bun/typescript@5.9.3/node_modules/typescript/lib/lib.es2020.number.d.ts
C:/Users/mark/Works/ccu.vc/node_modules/.bun/typescript@5.9.3/node_modules/typescript/lib/lib.es2021.promise.d.ts
C:/Users/mark/Works/ccu.vc/node_modules/.bun/typescript@5.9.3/node_modules/typescript/lib/lib.es2021.string.d.ts
C:/Users/mark/Works/ccu.vc/node_modules/.bun/typescript@5.9.3/node_modules/typescript/lib/lib.es2021.weakref.d.ts
C:/Users/mark/Works/ccu.vc/node_modules/.bun/typescript@5.9.3/node_modules/typescript/lib/lib.es2021.intl.d.ts
C:/Users/mark/Works/ccu.vc/node_modules/.bun/typescript@5.9.3/node_modules/typescript/lib/lib.es2022.array.d.ts
C:/Users/mark/Works/ccu.vc/node_modules/.bun/typescript@5.9.3/node_modules/typescript/lib/lib.es2022.error.d.ts
C:/Users/mark/Works/ccu.vc/node_modules/.bun/typescript@5.9.3/node_modules/typescript/lib/lib.es2022.intl.d.ts
C:/Users/mark/Works/ccu.vc/node_modules/.bun/typescript@5.9.3/node_modules/typescript/lib/lib.es2022.object.d.ts
C:/Users/mark/Works/ccu.vc/node_modules/.bun/typescript@5.9.3/node_modules/typescript/lib/lib.es2022.string.d.ts
C:/Users/mark/Works/ccu.vc/node_modules/.bun/typescript@5.9.3/node_modules/typescript/lib/lib.es2022.regexp.d.ts
C:/Users/mark/Works/ccu.vc/node_modules/.bun/typescript@5.9.3/node_modules/typescript/lib/lib.es2023.array.d.ts
C:/Users/mark/Works/ccu.vc/node_modules/.bun/typescript@5.9.3/node_modules/typescript/lib/lib.es2023.collection.d.ts
C:/Users/mark/Works/ccu.vc/node_modules/.bun/typescript@5.9.3/node_modules/typescript/lib/lib.es2023.intl.d.ts
C:/Users/mark/Works/ccu.vc/node_modules/.bun/typescript@5.9.3/node_modules/typescript/lib/lib.es2024.arraybuffer.d.ts
C:/Users/mark/Works/ccu.vc/node_modules/.bun/typescript@5.9.3/node_modules/typescript/lib/lib.es2024.collection.d.ts
C:/Users/mark/Works/ccu.vc/node_modules/.bun/typescript@5.9.3/node_modules/typescript/lib/lib.es2024.object.d.ts
C:/Users/mark/Works/ccu.vc/node_modules/.bun/typescript@5.9.3/node_modules/typescript/lib/lib.es2024.promise.d.ts
C:/Users/mark/Works/ccu.vc/node_modules/.bun/typescript@5.9.3/node_modules/typescript/lib/lib.es2024.regexp.d.ts
C:/Users/mark/Works/ccu.vc/node_modules/.bun/typescript@5.9.3/node_modules/typescript/lib/lib.es2024.sharedmemory.d.ts
C:/Users/mark/Works/ccu.vc/node_modules/.bun/typescript@5.9.3/node_modules/typescript/lib/lib.es2024.string.d.ts
C:/Users/mark/Works/ccu.vc/node_modules/.bun/typescript@5.9.3/node_modules/typescript/lib/lib.esnext.array.d.ts
C:/Users/mark/Works/ccu.vc/node_modules/.bun/typescript@5.9.3/node_modules/typescript/lib/lib.esnext.collection.d.ts
C:/Users/mark/Works/ccu.vc/node_modules/.bun/typescript@5.9.3/node_modules/typescript/lib/lib.esnext.intl.d.ts
C:/Users/mark/Works/ccu.vc/node_modules/.bun/typescript@5.9.3/node_modules/typescript/lib/lib.esnext.disposable.d.ts
C:/Users/mark/Works/ccu.vc/node_modules/.bun/typescript@5.9.3/node_modules/typescript/lib/lib.esnext.promise.d.ts
C:/Users/mark/Works/ccu.vc/node_modules/.bun/typescript@5.9.3/node_modules/typescript/lib/lib.esnext.decorators.d.ts
C:/Users/mark/Works/ccu.vc/node_modules/.bun/typescript@5.9.3/node_modules/typescript/lib/lib.esnext.iterator.d.ts
C:/Users/mark/Works/ccu.vc/node_modules/.bun/typescript@5.9.3/node_modules/typescript/lib/lib.esnext.float16.d.ts
C:/Users/mark/Works/ccu.vc/node_modules/.bun/typescript@5.9.3/node_modules/typescript/lib/lib.esnext.error.d.ts
C:/Users/mark/Works/ccu.vc/node_modules/.bun/typescript@5.9.3/node_modules/typescript/lib/lib.esnext.sharedmemory.d.ts
C:/Users/mark/Works/ccu.vc/node_modules/.bun/typescript@5.9.3/node_modules/typescript/lib/lib.decorators.d.ts
C:/Users/mark/Works/ccu.vc/node_modules/.bun/typescript@5.9.3/node_modules/typescript/lib/lib.decorators.legacy.d.ts
C:/Users/mark/Works/ccu.vc/shared/src/index.ts

[91m[1m| [0m[90m Bash     [0mBuild shared with explicit outDir
[91m[1m| [0m[90m Bash     [0mCheck shared dist directory

 Volume in drive C is root
 Volume Serial Number is 2116-A032

 Directory of C:\Users\mark\Works\ccu.vc\shared\dist

18/01/2026  02:35 am    <DIR>          .
18/01/2026  02:32 am    <DIR>          ..
18/01/2026  02:32 am            17,842 .tsbuildinfo
18/01/2026  02:35 am               189 index.d.ts
18/01/2026  02:35 am               262 index.d.ts.map
18/01/2026  02:35 am                99 index.js
18/01/2026  02:35 am               198 index.js.map
               5 File(s)         18,590 bytes
               2 Dir(s)  26,692,190,208 bytes free

[92m[1m| [0m[90m Edit     [0mshared\package.json
[92m[1m| [0m[90m Edit     [0mclient\package.json
[92m[1m| [0m[90m Edit     [0mserver\package.json
[92m[1m| [0m[90m Edit     [0mclient\src\index.ts
[92m[1m| [0m[90m Edit     [0mserver\src\index.ts
[91m[1m| [0m[90m Bash     [0mBuild client

$ tsc --outDir dist
src/index.ts(1,23): error TS6059: File 'C:/Users/mark/Works/ccu.vc/shared/src/index.ts' is not under 'rootDir' 'C:/Users/mark/Works/ccu.vc/client/src'. 'rootDir' is expected to contain all source files.

[92m[1m| [0m[90m Edit     [0mclient\tsconfig.json
[92m[1m| [0m[90m Edit     [0mserver\tsconfig.json
[92m[1m| [0m[90m Edit     [0mshared\tsconfig.json
[91m[1m| [0m[90m Bash     [0mBuild client

$ tsc --outDir dist

[91m[1m| [0m[90m Bash     [0mCheck client dist directory

 Volume in drive C is root
 Volume Serial Number is 2116-A032

 Directory of C:\Users\mark\Works\ccu.vc\client\dist

18/01/2026  02:36 am    <DIR>          .
18/01/2026  02:32 am    <DIR>          ..
18/01/2026  02:32 am            18,142 .tsbuildinfo
18/01/2026  02:36 am    <DIR>          client
18/01/2026  02:36 am                74 index.d.ts
18/01/2026  02:36 am               139 index.d.ts.map
18/01/2026  02:36 am               139 index.js
18/01/2026  02:36 am               256 index.js.map
18/01/2026  02:36 am    <DIR>          shared
               5 File(s)         18,750 bytes
               4 Dir(s)  26,691,457,024 bytes free

[91m[1m| [0m[90m Bash     [0mTypecheck server

$ tsc --noEmit

[91m[1m| [0m[90m Bash     [0mBuild server

$ tsc --outDir dist

[91m[1m| [0m[90m Bash     [0mTest bun filter syntax for client

error: No packages matched the filter

[91m[1m| [0m[90m Bash     [0mTest bun filter syntax for client


client build: Exited with code 0
[91m[1m| [0m[90m Bash     [0mTest bun filter syntax for server

server typecheck: Exited with code 0

[91m[1m| [0m[90m Bash     [0mList workspace directories


dist
node_modules
package.json
src
tsconfig.json
tsconfig.tsbuildinfo
dist
node_modules
package.json
src
tsconfig.json
dist
node_modules
package.json
src
tsconfig.json
[96m[1m| [0m[90m Read     [0mpackage.json
[94m[1m| [0m[90m Glob     [0m{"pattern":"**/AGENTS.md"}
[96m[1m| [0m[90m Read     [0mREADME.md
[91m[1m| [0m[90m Bash     [0mTypecheck all workspaces

$ tsc --noEmit
$ tsc --noEmit
$ tsc --noEmit

[92m[1m| [0m[90m Edit     [0mpackage.json
[91m[1m| [0m[90m Bash     [0mRun typecheck across all workspaces

$ bun run --filter="*" typecheck
shared typecheck: Exited with code 0
client typecheck: Exited with code 0
server typecheck: Exited with code 0

[91m[1m| [0m[90m Bash     [0mBuild all workspaces

$ bun run --filter="*" build
shared build: Exited with code 0
client build: Exited with code 0
server build: Exited with code 0

[91m[1m| [0m[90m Bash     [0mCheck git status

On branch main
Your branch is ahead of 'origin/main' by 1 commit.
  (use "git push" to publish your local commits)

Changes not staged for commit:
  (use "git add <file>..." to update what will be committed)
  (use "git restore <file>..." to discard changes in working directory)
	modified:   .ralph-tui/config.toml
	modified:   prd.json

Untracked files:
  (use "git add <file>..." to include in what will be committed)
	.ralph-tui/progress.md
	.ralph-tui/ralph.lock
	.ralph-tui/session.json
	bun.lock
	client/
	package.json
	server/
	shared/
	tsconfig.json

no changes added to commit (use "git add" and/or "git commit -a")

[91m[1m| [0m[90m Bash     [0mAdd monorepo files to git


warning: in the working copy of 'bun.lock', LF will be replaced by CRLF the next time Git touches it
warning: in the working copy of 'client/package.json', LF will be replaced by CRLF the next time Git touches it
warning: in the working copy of 'client/src/index.ts', LF will be replaced by CRLF the next time Git touches it
warning: in the working copy of 'client/tsconfig.json', LF will be replaced by CRLF the next time Git touches it
warning: in the working copy of 'package.json', LF will be replaced by CRLF the next time Git touches it
warning: in the working copy of 'server/package.json', LF will be replaced by CRLF the next time Git touches it
warning: in the working copy of 'server/src/index.ts', LF will be replaced by CRLF the next time Git touches it
warning: in the working copy of 'server/tsconfig.json', LF will be replaced by CRLF the next time Git touches it
warning: in the working copy of 'shared/package.json', LF will be replaced by CRLF the next time Git touches it
warning: in the working copy of 'shared/src/index.d.ts', LF will be replaced by CRLF the next time Git touches it
warning: in the working copy of 'shared/src/index.js', LF will be replaced by CRLF the next time Git touches it
warning: in the working copy of 'shared/src/index.ts', LF will be replaced by CRLF the next time Git touches it
warning: in the working copy of 'shared/tsconfig.json', LF will be replaced by CRLF the next time Git touches it
warning: in the working copy of 'tsconfig.json', LF will be replaced by CRLF the next time Git touches it
[91m[1m| [0m[90m Bash     [0mCheck git status after adding files

On branch main
Your branch is ahead of 'origin/main' by 1 commit.
  (use "git push" to publish your local commits)

Changes to be committed:
  (use "git restore --staged <file>..." to unstage)
	new file:   bun.lock
	new file:   client/package.json
	new file:   client/src/index.ts
	new file:   client/tsconfig.json
	new file:   package.json
	new file:   server/package.json
	new file:   server/src/index.ts
	new file:   server/tsconfig.json
	new file:   shared/package.json
	new file:   shared/src/index.d.ts
	new file:   shared/src/index.d.ts.map
	new file:   shared/src/index.js
	new file:   shared/src/index.js.map
	new file:   shared/src/index.ts
	new file:   shared/tsconfig.json
	new file:   tsconfig.json

Changes not staged for commit:
  (use "git add <file>..." to update what will be committed)
  (use "git restore <file>..." to discard changes in working directory)
	modified:   .ralph-tui/config.toml
	modified:   prd.json

Untracked files:
  (use "git add <file>..." to include in what will be committed)
	.ralph-tui/progress.md
	.ralph-tui/ralph.lock
	.ralph-tui/session.json


[91m[1m| [0m[90m Bash     [0mCommit monorepo scaffold

[main 3bf1e28] Scaffold Bun monorepo with client/server/shared workspaces
 16 files changed, 201 insertions(+)
 create mode 100644 bun.lock
 create mode 100644 client/package.json
 create mode 100644 client/src/index.ts
 create mode 100644 client/tsconfig.json
 create mode 100644 package.json
 create mode 100644 server/package.json
 create mode 100644 server/src/index.ts
 create mode 100644 server/tsconfig.json
 create mode 100644 shared/package.json
 create mode 100644 shared/src/index.d.ts
 create mode 100644 shared/src/index.d.ts.map
 create mode 100644 shared/src/index.js
 create mode 100644 shared/src/index.js.map
 create mode 100644 shared/src/index.ts
 create mode 100644 shared/tsconfig.json
 create mode 100644 tsconfig.json

[91m[1m| [0m[90m Bash     [0mVerify build and typecheck after commit
$ bun run --filter="*" build
shared build: Exited with code 0
client build: Exited with code 0
server build: Exited with code 0
$ bun run --filter="*" typecheck
shared typecheck: Exited with code 0
client typecheck: Exited with code 0
server typecheck: Exited with code 0


