# Iteration 19 Log

## Metadata

- **Task ID**: US-019
- **Task Title**: Implement Wild Draw Four effect (server)
- **Description**: Complete the standard UNO action set for v1 default rules.
- **Status**: completed
- **Task Completed**: Yes
- **Promise Detected**: Yes
- **Started At**: 2026-01-17T20:21:03.492Z
- **Ended At**: 2026-01-17T20:23:39.974Z
- **Duration**: 2m 36s
- **Agent**: opencode
- **Model**: opencode/glm-4.7-free
--- RAW OUTPUT ---
I'll implement US-019 to add the Wild Draw Four effect. Let me explore the codebase first.
<promise>COMPLETE</promise>

--- STDERR ---
[94m[1m| [0m[90m Glob     [0m{"pattern":"**/shared/**/*.ts"}
[94m[1m| [0m[90m Glob     [0m{"pattern":"**/server/src/**/*.ts"}
[94m[1m| [0m[90m Grep     [0mDrawTwo|Wild|activeColor
[96m[1m| [0m[90m Read     [0mshared\src\index.ts
[96m[1m| [0m[90m Read     [0mserver\src\RoomManager.ts
[96m[1m| [0m[90m Read     [0mserver\server.test.ts
[94m[1m| [0m[90m Grep     [0mdescribe.*Draw Two|it.*draw2|it.*Draw Two
[96m[1m| [0m[90m Read     [0mserver\server.test.ts

[96m[1m| [0m[90m Read     [0mserver\src\Deck.ts[92m[1m| [0m[90m Edit     [0mserver\src\RoomManager.ts
[96m[1m| [0m[90m Read     [0mserver\server.test.ts
[96m[1m| [0m[90m Read     [0mserver\server.test.ts
[92m[1m| [0m[90m Edit     [0mserver\server.test.ts
[91m[1m| [0m[90m Bash     [0mRun server tests to verify Wild Draw Four implementation

server test: bun test v1.3.6 (d530ed99)
server test: 
server test: server.test.ts:
server test: gameStateUpdate not received in time, checking room directly
server test: 
server test:  86 pass
server test:  0 fail
server test:  283 expect() calls
server test: Ran 86 tests across 1 file. [3.51s]
server test: Exited with code 0

[91m[1m| [0m[90m Bash     [0mRun server typecheck

error: No packages matched the filter

[94m[1m| [0m[90m Glob     [0m{"pattern":"**/package.json"}
[96m[1m| [0m[90m Read     [0mserver\package.json
[91m[1m| [0m[90m Bash     [0mRun TypeScript typecheck in server directory

$ tsc --noEmit

[91m[1m| [0m[90m Bash     [0mCheck git status

On branch main
Your branch is ahead of 'origin/main' by 15 commits.
  (use "git push" to publish your local commits)

Changes not staged for commit:
  (use "git add <file>..." to update what will be committed)
  (use "git restore <file>..." to discard changes in working directory)
	modified:   .ralph-tui/progress.md
	modified:   .ralph-tui/session.json
	modified:   prd.json
	modified:   server/server.test.ts
	modified:   server/src/RoomManager.ts

Untracked files:
  (use "git add <file>..." to include in what will be committed)
	.ralph-tui/iterations/iteration-018-US-018.log

no changes added to commit (use "git add" and/or "git commit -a")

[91m[1m| [0m[90m Bash     [0mCheck git diff for staged/unstaged changes

warning: in the working copy of '.ralph-tui/progress.md', LF will be replaced by CRLF the next time Git touches it
warning: in the working copy of '.ralph-tui/session.json', LF will be replaced by CRLF the next time Git touches it
warning: in the working copy of 'prd.json', LF will be replaced by CRLF the next time Git touches it
warning: in the working copy of 'server/server.test.ts', LF will be replaced by CRLF the next time Git touches it
warning: in the working copy of 'server/src/RoomManager.ts', LF will be replaced by CRLF the next time Git touches it
diff --git a/.ralph-tui/progress.md b/.ralph-tui/progress.md
index f105d34..ae3da2d 100644
--- a/.ralph-tui/progress.md
+++ b/.ralph-tui/progress.md
@@ -186,3 +186,16 @@ Now let me run the tests and typecheck to verify the implementation:
 All tests pass and typecheck succeeds. Let me commit the changes:
 
 ---
+## ✓ Iteration 18 - US-018: Implement Wild card and active color selection (server + client)
+*2026-01-17T20:21:02.456Z (453s)*
+
+**Status:** Completed
+
+**Notes:**
+I'll implement US-018 to add Wild card and active color selection. Let me start by exploring the codebase structure.
+Now I'll implement Wild card and active color selection. Let me start by updating the shared types to add `activeColor` and the color selection parameter.
+Now let me run the tests to verify the implementation:
+I see there are some test failures. Let me first check why `state.activeColor` is not being updated:
+All acceptance criteria have been met. Let me commit the changes:
+
+---
diff --git a/.ralph-tui/session.json b/.ralph-tui/session.json
index c954101..a1fce30 100644
--- a/.ralph-tui/session.json
+++ b/.ralph-tui/session.json
@@ -3,10 +3,10 @@
   "sessionId": "e4783755-3905-4470-8efb-6fa82f4e2471",
   "status": "running",
   "startedAt": "2026-01-17T18:27:42.045Z",
-  "updatedAt": "2026-01-17T20:13:29.165Z",
-  "currentIteration": 17,
+  "updatedAt": "2026-01-17T20:21:03.505Z",
+  "currentIteration": 18,
   "maxIterations": 10,
-  "tasksCompleted": 17,
+  "tasksCompleted": 18,
   "isPaused": false,
   "agentPlugin": "opencode",
   "model": "opencode/glm-4.7-free",
@@ -120,8 +120,8 @@
       {
         "id": "US-018",
         "title": "Implement Wild card and active color selection (server + client)",
-        "status": "open",
-        "completedInSession": false
+        "status": "completed",
+        "completedInSession": true
       },
       {
         "id": "US-019",
@@ -403,12 +403,22 @@
       "durationMs": 132081,
       "startedAt": "2026-01-17T20:11:16.007Z",
       "endedAt": "2026-01-17T20:13:28.088Z"
+    },
+    {
+      "iteration": 18,
+      "status": "completed",
+      "taskId": "US-018",
+      "taskTitle": "Implement Wild card and active color selection (server + client)",
+      "taskCompleted": true,
+      "durationMs": 453292,
+      "startedAt": "2026-01-17T20:13:29.146Z",
+      "endedAt": "2026-01-17T20:21:02.438Z"
     }
   ],
   "skippedTaskIds": [],
   "cwd": "C:\\Users\\mark\\Works\\ccu.vc",
   "activeTaskIds": [
-    "US-018"
+    "US-019"
   ],
   "subagentPanelVisible": false
 }
\ No newline at end of file
diff --git a/prd.json b/prd.json
index 79de54b..1357aa3 100644
--- a/prd.json
+++ b/prd.json
@@ -277,8 +277,9 @@
         "quality gate: `bun --filter server run typecheck` exits with code 0"
       ],
       "priority": 18,
-      "passes": false,
-      "notes": "Client can use a simple modal/bottom sheet to choose color."
+      "passes": true,
+      "notes": "Client can use a simple modal/bottom sheet to choose color.",
+      "completionNotes": "Completed by agent"
     },
     {
       "id": "US-019",
@@ -536,6 +537,6 @@
     }
   ],
   "metadata": {
-    "updatedAt": "2026-01-17T20:13:29.146Z"
+    "updatedAt": "2026-01-17T20:21:03.492Z"
   }
 }
\ No newline at end of file
diff --git a/server/server.test.ts b/server/server.test.ts
index fa88d1c..14e88db 100644
--- a/server/server.test.ts
+++ b/server/server.test.ts
@@ -2658,3 +2658,171 @@ describe('Wild card and active color selection', () => {
     expect(() => room.playCard(playerId1, redCard, 'blue')).toThrow('Cannot choose color for non-Wild cards');
   });
 });
+
+describe('Wild Draw Four card effect', () => {
+  it('should make next player draw 4 cards and skip their turn in 3-player game', () => {
+    const manager = new RoomManager();
+    const room = manager.createRoom();
+
+    const socketId1 = 'socket1';
+    const playerId1 = 'player1';
+    const player1 = { id: playerId1, name: 'Player 1', isReady: false, secret: 'secret1', connected: true, hand: [], handCount: 0 };
+
+    const socketId2 = 'socket2';
+    const playerId2 = 'player2';
+    const player2 = { id: playerId2, name: 'Player 2', isReady: false, secret: 'secret2', connected: true, hand: [], handCount: 0 };
+
+    const socketId3 = 'socket3';
+    const playerId3 = 'player3';
+    const player3 = { id: playerId3, name: 'Player 3', isReady: false, secret: 'secret3', connected: true, hand: [], handCount: 0 };
+
+    room.addPlayer(socketId1, player1);
+    room.addPlayer(socketId2, player2);
+    room.addPlayer(socketId3, player3);
+
+    room.startGame();
+
+    const wildDraw4Card: Card = { color: 'wild' as const, value: 'wild_draw4' };
+    room.players.get(playerId1)!.hand.push(wildDraw4Card);
+
+    const initialHandSize = room.players.get(playerId2)!.hand.length;
+
+    room.playCard(playerId1, wildDraw4Card, 'red');
+
+    expect(room.players.get(playerId2)!.hand.length).toBe(initialHandSize + 4);
+    expect(room.activeColor).toBe('red');
+    expect(room.currentPlayerIndex).toBe(2);
+    expect(room.playerOrder[room.currentPlayerIndex]).toBe(playerId3);
+  });
+
+  it('should make next player draw 4 cards and skip their turn in 2-player game', () => {
+    const manager = new RoomManager();
+    const room = manager.createRoom();
+
+    const socketId1 = 'socket1';
+    const playerId1 = 'player1';
+    const player1 = { id: playerId1, name: 'Player 1', isReady: false, secret: 'secret1', connected: true, hand: [], handCount: 0 };
+
+    const socketId2 = 'socket2';
+    const playerId2 = 'player2';
+    const player2 = { id: playerId2, name: 'Player 2', isReady: false, secret: 'secret2', connected: true, hand: [], handCount: 0 };
+
+    room.addPlayer(socketId1, player1);
+    room.addPlayer(socketId2, player2);
+
+    room.startGame();
+
+    const wildDraw4Card: Card = { color: 'wild' as const, value: 'wild_draw4' };
+    room.players.get(playerId1)!.hand.push(wildDraw4Card);
+
+    const initialHandSize = room.players.get(playerId2)!.hand.length;
+
+    room.playCard(playerId1, wildDraw4Card, 'blue');
+
+    expect(room.players.get(playerId2)!.hand.length).toBe(initialHandSize + 4);
+    expect(room.activeColor).toBe('blue');
+    expect(room.currentPlayerIndex).toBe(0);
+    expect(room.playerOrder[room.currentPlayerIndex]).toBe(playerId1);
+  });
+
+  it('should respect direction when drawing cards', () => {
+    const manager = new RoomManager();
+    const room = manager.createRoom();
+
+    const socketId1 = 'socket1';
+    const playerId1 = 'player1';
+    const player1 = { id: playerId1, name: 'Player 1', isReady: false, secret: 'secret1', connected: true, hand: [], handCount: 0 };
+
+    const socketId2 = 'socket2';
+    const playerId2 = 'player2';
+    const player2 = { id: playerId2, name: 'Player 2', isReady: false, secret: 'secret2', connected: true, hand: [], handCount: 0 };
+
+    const socketId3 = 'socket3';
+    const playerId3 = 'player3';
+    const player3 = { id: playerId3, name: 'Player 3', isReady: false, secret: 'secret3', connected: true, hand: [], handCount: 0 };
+
+    room.addPlayer(socketId1, player1);
+    room.addPlayer(socketId2, player2);
+    room.addPlayer(socketId3, player3);
+
+    room.startGame();
+
+    room.reverseDirection();
+
+    const wildDraw4Card: Card = { color: 'wild' as const, value: 'wild_draw4' };
+    room.players.get(playerId1)!.hand.push(wildDraw4Card);
+
+    const initialHandSize = room.players.get(playerId3)!.hand.length;
+
+    room.playCard(playerId1, wildDraw4Card, 'green');
+
+    expect(room.players.get(playerId3)!.hand.length).toBe(initialHandSize + 4);
+    expect(room.activeColor).toBe('green');
+    expect(room.currentPlayerIndex).toBe(1);
+    expect(room.playerOrder[room.currentPlayerIndex]).toBe(playerId2);
+  });
+
+  it('should skip disconnected players and draw for next connected player', () => {
+    const manager = new RoomManager();
+    const room = manager.createRoom();
+
+    const socketId1 = 'socket1';
+    const playerId1 = 'player1';
+    const player1 = { id: playerId1, name: 'Player 1', isReady: false, secret: 'secret1', connected: true, hand: [], handCount: 0 };
+
+    const socketId2 = 'socket2';
+    const playerId2 = 'player2';
+    const player2 = { id: playerId2, name: 'Player 2', isReady: false, secret: 'secret2', connected: true, hand: [], handCount: 0 };
+
+    const socketId3 = 'socket3';
+    const playerId3 = 'player3';
+    const player3 = { id: playerId3, name: 'Player 3', isReady: false, secret: 'secret3', connected: true, hand: [], handCount: 0 };
+
+    room.addPlayer(socketId1, player1);
+    room.addPlayer(socketId2, player2);
+    room.addPlayer(socketId3, player3);
+
+    room.startGame();
+
+    room.markPlayerDisconnected(playerId2);
+
+    const wildDraw4Card: Card = { color: 'wild' as const, value: 'wild_draw4' };
+    room.players.get(playerId1)!.hand.push(wildDraw4Card);
+
+    const initialHandSize = room.players.get(playerId3)!.hand.length;
+
+    room.playCard(playerId1, wildDraw4Card, 'yellow');
+
+    expect(room.players.get(playerId3)!.hand.length).toBe(initialHandSize + 4);
+    expect(room.activeColor).toBe('yellow');
+    expect(room.currentPlayerIndex).toBe(0);
+    expect(room.playerOrder[room.currentPlayerIndex]).toBe(playerId1);
+  });
+
+  it('should reduce deck size by 4 when Wild Draw Four is played', () => {
+    const manager = new RoomManager();
+    const room = manager.createRoom();
+
+    const socketId1 = 'socket1';
+    const playerId1 = 'player1';
+    const player1 = { id: playerId1, name: 'Player 1', isReady: false, secret: 'secret1', connected: true, hand: [], handCount: 0 };
+
+    const socketId2 = 'socket2';
+    const playerId2 = 'player2';
+    const player2 = { id: playerId2, name: 'Player 2', isReady: false, secret: 'secret2', connected: true, hand: [], handCount: 0 };
+
+    room.addPlayer(socketId1, player1);
+    room.addPlayer(socketId2, player2);
+
+    room.startGame();
+
+    const wildDraw4Card: Card = { color: 'wild' as const, value: 'wild_draw4' };
+    room.players.get(playerId1)!.hand.push(wildDraw4Card);
+
+    const initialDeckSize = room.deck!.size;
+
+    room.playCard(playerId1, wildDraw4Card, 'red');
+
+    expect(room.deck!.size).toBe(initialDeckSize - 4);
+  });
+});
diff --git a/server/src/RoomManager.ts b/server/src/RoomManager.ts
index a74145c..d7cfbc5 100644
--- a/server/src/RoomManager.ts
+++ b/server/src/RoomManager.ts
@@ -300,6 +300,25 @@ export class Room {
         this.updateState();
       }
       
+      this.currentPlayerIndex = nextPlayerIndex;
+      this.advanceTurn();
+    } else if (card.value === 'wild_draw4') {
+      const nextPlayerIndex = this.nextConnectedPlayerIndex();
+      const nextPlayerId = this.playerOrder[nextPlayerIndex];
+      const nextPlayer = this.players.get(nextPlayerId);
+      
+      if (nextPlayer) {
+        for (let i = 0; i < 4; i++) {
+          if (this.deck && !this.deck.isEmpty()) {
+            const drawnCard = this.deck.draw();
+            if (drawnCard) {
+              nextPlayer.hand.push(drawnCard);
+            }
+          }
+        }
+        this.updateState();
+      }
+      
       this.currentPlayerIndex = nextPlayerIndex;
       this.advanceTurn();
     } else {

[91m[1m| [0m[90m Bash     [0mCheck recent commit messages for style

71dcd2c Implement Wild card and active color selection (US-018)
5d632b4 Implement Draw Two card effect
50ac5f2 Implement Skip and Reverse card effects (US-016)
d1373eb Implement US-015: basic gameplay UI with hand, discard pile, and turn highlighting
e4e59e2 Implement actionId-based actionAck responses and pending UX hooks

[91m[1m| [0m[90m Bash     [0mVerify commit success

On branch main
Your branch is ahead of 'origin/main' by 15 commits.
  (use "git push" to publish your local commits)

Changes to be committed:
  (use "git restore --staged <file>..." to unstage)
	modified:   server/server.test.ts
	modified:   server/src/RoomManager.ts

Changes not staged for commit:
  (use "git add <file>..." to update what will be committed)
  (use "git restore <file>..." to discard changes in working directory)
	modified:   .ralph-tui/progress.md
	modified:   .ralph-tui/session.json
	modified:   prd.json

Untracked files:
  (use "git add <file>..." to include in what will be committed)
	.ralph-tui/iterations/iteration-018-US-018.log


[91m[1m| [0m[90m Bash     [0mCommit Wild Draw Four implementation

warning: in the working copy of 'server/server.test.ts', LF will be replaced by CRLF the next time Git touches it
warning: in the working copy of 'server/src/RoomManager.ts', LF will be replaced by CRLF the next time Git touches it
[main ccafdd2] Implement Wild Draw Four card effect (US-019)
 2 files changed, 187 insertions(+)

[91m[1m| [0m[90m Bash     [0mShow latest commit details

commit ccafdd25e7303e7a65229b985b8b075cbc9f8eb1
Author: Mark Joshwel <mark@joshwel.co>
Date:   Sun Jan 18 04:23:25 2026 +0800

    Implement Wild Draw Four card effect (US-019)

 server/server.test.ts     | 168 ++++++++++++++++++++++++++++++++++++++++++++++
 server/src/RoomManager.ts |  19 ++++++
 2 files changed, 187 insertions(+)

[91m[1m| [0m[90m Bash     [0mRestore files to committed state to remove line ending changes

On branch main
Your branch is ahead of 'origin/main' by 16 commits.
  (use "git push" to publish your local commits)

Changes not staged for commit:
  (use "git add <file>..." to update what will be committed)
  (use "git restore <file>..." to discard changes in working directory)
	modified:   .ralph-tui/progress.md
	modified:   .ralph-tui/session.json
	modified:   prd.json

Untracked files:
  (use "git add <file>..." to include in what will be committed)
	.ralph-tui/iterations/iteration-018-US-018.log

no changes added to commit (use "git add" and/or "git commit -a")

