# Iteration 15 Log

## Metadata

- **Task ID**: US-015
- **Task Title**: Create basic gameplay UI: show hand, discard top card, and current turn
- **Description**: Make the game playable end-to-end for basic number cards with draw/pass.
- **Status**: completed
- **Task Completed**: Yes
- **Promise Detected**: Yes
- **Started At**: 2026-01-17T20:03:20.276Z
- **Ended At**: 2026-01-17T20:07:31.747Z
- **Duration**: 4m 11s
- **Agent**: opencode
- **Model**: opencode/glm-4.7-free
--- RAW OUTPUT ---
I'll implement US-015 to create the basic gameplay UI. Let me start by exploring the codebase structure.
I'll implement the basic gameplay UI to show hand, discard top card, and current turn. Let me start by updating the shared types to add playCard and drawCard events.
Let me rebuild the shared package to update the types, then fix the server:
All acceptance criteria have been met. Let me commit the changes.
<promise>COMPLETE</promise>

--- STDERR ---
[91m[1m| [0m[90m Bash     [0mFind TypeScript files in project

'head' is not recognized as an internal or external command,
operable program or batch file.

[94m[1m| [0m[90m Glob     [0m{"pattern":"**/*.{ts,tsx}"}
[96m[1m| [0m[90m Read     [0mclient\src\App.tsx
[96m[1m| [0m[90m Read     [0mshared\src\index.ts
[96m[1m| [0m[90m Read     [0mclient\src\main.tsx
[96m[1m| [0m[90m Read     [0mserver\src\RoomManager.ts
[96m[1m| [0m[90m Read     [0mserver\src\index.ts
[96m[1m| [0m[90m Read     [0mclient\package.json
[94m[1m| [0m[90m Glob     [0m{"pattern":"client/**/*.css"}
[96m[1m| [0m[90m Read     [0mclient\src\index.css
[92m[1m| [0m[90m Edit     [0mshared\src\index.ts
[92m[1m| [0m[90m Edit     [0mserver\src\index.ts
[91m[1m| [0m[90m Bash     [0mBuild shared package

error: Script not found "build:shared"

[94m[1m| [0m[90m Glob     [0m{"pattern":"package.json"}
[96m[1m| [0m[90m Read     [0mpackage.json
[96m[1m| [0m[90m Read     [0mshared\package.json
[91m[1m| [0m[90m Bash     [0mBuild shared package

shared build: Exited with code 0

[91m[1m| [0m[90m Bash     [0mTypecheck server

server typecheck: Exited with code 0

[92m[1m| [0m[90m Edit     [0mclient\src\App.tsx
[92m[1m| [0m[90m Edit     [0mclient\src\App.tsx
[92m[1m| [0m[90m Edit     [0mclient\src\App.tsx
[92m[1m| [0m[90m Edit     [0mclient\src\App.tsx
[92m[1m| [0m[90m Edit     [0mclient\src\App.tsx
[92m[1m| [0m[90m Edit     [0mclient\src\App.tsx
[92m[1m| [0m[90m Edit     [0mclient\src\App.tsx
[92m[1m| [0m[90m Edit     [0mclient\src\App.tsx
[96m[1m| [0m[90m Read     [0mclient\src\App.tsx
[92m[1m| [0m[90m Edit     [0mclient\src\App.tsx
[92m[1m| [0m[90m Edit     [0mclient\src\App.tsx
[92m[1m| [0m[90m Edit     [0mclient\src\index.css
[91m[1m| [0m[90m Bash     [0mTypecheck client

client typecheck: Exited with code 0

[91m[1m| [0m[90m Bash     [0mBuild client

client build: [36mvite v5.4.21 [32mbuilding for production...[36m[39m
client build: transforming...
client build: [32m✓[39m 60 modules transformed.
client build: rendering chunks...
client build: computing gzip size...
client build: [2mdist/[22m[32mindex.html                 [39m[1m[2m  0.39 kB[22m[1m[22m[2m │ gzip:  0.27 kB[22m
client build: [2mdist/[22m[35massets/index-HDgJYcJF.css  [39m[1m[2m  2.99 kB[22m[1m[22m[2m │ gzip:  1.18 kB[22m
client build: [2mdist/[22m[36massets/index-CDDzmfQd.js   [39m[1m[2m190.86 kB[22m[1m[22m[2m │ gzip: 63.08 kB[22m
client build: [32m✓ built in 1.55s[39m
client build: Exited with code 0

[91m[1m| [0m[90m Bash     [0mCommit changes for US-015

warning: in the working copy of '.ralph-tui/config.toml', LF will be replaced by CRLF the next time Git touches it
warning: in the working copy of 'bun.lock', LF will be replaced by CRLF the next time Git touches it
warning: in the working copy of 'client/src/App.tsx', LF will be replaced by CRLF the next time Git touches it
warning: in the working copy of 'client/src/index.css', LF will be replaced by CRLF the next time Git touches it
warning: in the working copy of 'prd.json', LF will be replaced by CRLF the next time Git touches it
warning: in the working copy of 'server/package.json', LF will be replaced by CRLF the next time Git touches it
warning: in the working copy of 'server/src/index.ts', LF will be replaced by CRLF the next time Git touches it
warning: in the working copy of 'shared/src/index.ts', LF will be replaced by CRLF the next time Git touches it
warning: in the working copy of '.ralph-tui/iterations/iteration-001-US-001.log', LF will be replaced by CRLF the next time Git touches it
warning: in the working copy of '.ralph-tui/iterations/iteration-002-US-002.log', LF will be replaced by CRLF the next time Git touches it
warning: in the working copy of '.ralph-tui/iterations/iteration-003-US-003.log', LF will be replaced by CRLF the next time Git touches it
warning: in the working copy of '.ralph-tui/iterations/iteration-004-US-004.log', LF will be replaced by CRLF the next time Git touches it
warning: in the working copy of '.ralph-tui/iterations/iteration-005-US-005.log', LF will be replaced by CRLF the next time Git touches it
warning: in the working copy of '.ralph-tui/iterations/iteration-006-US-006.log', LF will be replaced by CRLF the next time Git touches it
warning: in the working copy of '.ralph-tui/iterations/iteration-007-US-007.log', LF will be replaced by CRLF the next time Git touches it
warning: in the working copy of '.ralph-tui/iterations/iteration-008-US-008.log', LF will be replaced by CRLF the next time Git touches it
warning: in the working copy of '.ralph-tui/iterations/iteration-009-US-009.log', LF will be replaced by CRLF the next time Git touches it
warning: in the working copy of '.ralph-tui/iterations/iteration-010-US-010.log', LF will be replaced by CRLF the next time Git touches it
warning: in the working copy of '.ralph-tui/iterations/iteration-011-US-011.log', LF will be replaced by CRLF the next time Git touches it
warning: in the working copy of '.ralph-tui/iterations/iteration-012-US-012.log', LF will be replaced by CRLF the next time Git touches it
warning: in the working copy of '.ralph-tui/iterations/iteration-013-US-013.log', LF will be replaced by CRLF the next time Git touches it
warning: in the working copy of '.ralph-tui/iterations/iteration-014-US-014.log', LF will be replaced by CRLF the next time Git touches it
warning: in the working copy of '.ralph-tui/progress.md', LF will be replaced by CRLF the next time Git touches it
warning: in the working copy of '.ralph-tui/ralph.lock', LF will be replaced by CRLF the next time Git touches it
warning: in the working copy of '.ralph-tui/session.json', LF will be replaced by CRLF the next time Git touches it
[main d1373eb] Implement US-015: basic gameplay UI with hand, discard pile, and turn highlighting
 25 files changed, 8985 insertions(+), 50 deletions(-)
 create mode 100644 .ralph-tui/iterations/iteration-001-US-001.log
 create mode 100644 .ralph-tui/iterations/iteration-002-US-002.log
 create mode 100644 .ralph-tui/iterations/iteration-003-US-003.log
 create mode 100644 .ralph-tui/iterations/iteration-004-US-004.log
 create mode 100644 .ralph-tui/iterations/iteration-005-US-005.log
 create mode 100644 .ralph-tui/iterations/iteration-006-US-006.log
 create mode 100644 .ralph-tui/iterations/iteration-007-US-007.log
 create mode 100644 .ralph-tui/iterations/iteration-008-US-008.log
 create mode 100644 .ralph-tui/iterations/iteration-009-US-009.log
 create mode 100644 .ralph-tui/iterations/iteration-010-US-010.log
 create mode 100644 .ralph-tui/iterations/iteration-011-US-011.log
 create mode 100644 .ralph-tui/iterations/iteration-012-US-012.log
 create mode 100644 .ralph-tui/iterations/iteration-013-US-013.log
 create mode 100644 .ralph-tui/iterations/iteration-014-US-014.log
 create mode 100644 .ralph-tui/progress.md
 create mode 100644 .ralph-tui/ralph.lock
 create mode 100644 .ralph-tui/session.json

