# Iteration 25 Log

## Metadata

- **Task ID**: US-025
- **Task Title**: Close UNO window on next player's first action (server)
- **Description**: Implement the 'until next action' timing rule for calling UNO out of turn.
- **Status**: completed
- **Task Completed**: Yes
- **Promise Detected**: Yes
- **Started At**: 2026-01-18T07:16:35.601Z
- **Ended At**: 2026-01-18T07:21:02.854Z
- **Duration**: 4m 27s
- **Agent**: opencode
- **Model**: opencode/glm-4.7-free
--- RAW OUTPUT ---
I'll implement US-025 to close the UNO window on the next player's first action. Let me start by exploring the codebase structure.
<promise>COMPLETE</promise>

--- STDERR ---
[94m[1m| [0m[90m Glob     [0m{"pattern":"**/*.ts"}
[94m[1m| [0m[90m Grep     [0munoWindow|uno_window|callUno
[96m[1m| [0m[90m Read     [0mserver\src\RoomManager.ts
[96m[1m| [0m[90m Read     [0mserver\server.test.ts
[94m[1m| [0m[90m Grep     [0mclose.*window|next player|nextPlayer
[91m[1m| [0m[90m Bash     [0mSearch for UNO window close tests

'rg' is not recognized as an internal or external command,
operable program or batch file.

[94m[1m| [0m[90m Grep     [0mwindow.*close|close.*window
[92m[1m| [0m[90m Edit     [0mserver\src\RoomManager.ts
[92m[1m| [0m[90m Edit     [0mserver\src\RoomManager.ts
[96m[1m| [0m[90m Read     [0mserver\server.test.ts
[96m[1m| [0m[90m Read     [0mserver\server.test.ts
[96m[1m| [0m[90m Read     [0mserver\server.test.ts
[92m[1m| [0m[90m Edit     [0mserver\server.test.ts
[91m[1m| [0m[90m Bash     [0mRun server tests to verify UNO window closing

'head' is not recognized as an internal or external command,
operable program or batch file.

[91m[1m| [0m[90m Bash     [0mRun server tests

bun test v1.3.6 (d530ed99)

server.test.ts:
gameStateUpdate not received in time, checking room directly
3590 |     await new Promise(resolve => setTimeout(resolve, 600));
3591 | 
3592 |     const afterPlayer1Time = clockSyncCalls[clockSyncCalls.length - 1].timeRemainingMs[playerId1];
3593 |     const afterPlayer2Time = clockSyncCalls[clockSyncCalls.length - 1].timeRemainingMs[playerId2];
3594 | 
3595 |     expect(afterPlayer1Time).toBe(initialPlayer1Time);
                                    ^
error: expect(received).toBe(expected)

Expected: 59500
Received: 59000

      at <anonymous> (C:\Users\mark\Works\ccu.vc\server\server.test.ts:3595:30)
(fail) clock sync scheduler > should only decrement active player time [1234.00ms]

 106 pass
 1 fail
 331 expect() calls
Ran 107 tests across 1 file. [7.40s]

[91m[1m| [0m[90m Bash     [0mRun UNO window tests specifically

bun test v1.3.6 (d530ed99)

 9 pass
 98 filtered out
 0 fail
 5 expect() calls
Ran 9 tests across 1 file. [252.00ms]

[91m[1m| [0m[90m Bash     [0mRun typecheck on server

$ tsc --noEmit

[91m[1m| [0m[90m Bash     [0mCommit changes for US-025

warning: in the working copy of '.ralph-tui/progress.md', LF will be replaced by CRLF the next time Git touches it
warning: in the working copy of '.ralph-tui/session.json', LF will be replaced by CRLF the next time Git touches it
warning: in the working copy of 'prd.json', LF will be replaced by CRLF the next time Git touches it
warning: in the working copy of 'server/server.test.ts', LF will be replaced by CRLF the next time Git touches it
warning: in the working copy of 'server/src/RoomManager.ts', LF will be replaced by CRLF the next time Git touches it
warning: in the working copy of '.ralph-tui/iterations/iteration-018-US-018.log', LF will be replaced by CRLF the next time Git touches it
warning: in the working copy of '.ralph-tui/iterations/iteration-019-US-019.log', LF will be replaced by CRLF the next time Git touches it
warning: in the working copy of '.ralph-tui/iterations/iteration-020-US-020.log', LF will be replaced by CRLF the next time Git touches it
warning: in the working copy of '.ralph-tui/iterations/iteration-021-US-021.log', LF will be replaced by CRLF the next time Git touches it
warning: in the working copy of '.ralph-tui/iterations/iteration-022-US-022.log', LF will be replaced by CRLF the next time Git touches it
warning: in the working copy of '.ralph-tui/iterations/iteration-023-US-023.log', LF will be replaced by CRLF the next time Git touches it
warning: in the working copy of '.ralph-tui/iterations/iteration-024-US-024.log', LF will be replaced by CRLF the next time Git touches it
[main 6798460] Implement US-025: Close UNO window on next player's first action (server)
 12 files changed, 3655 insertions(+), 33 deletions(-)
 create mode 100644 .ralph-tui/iterations/iteration-018-US-018.log
 create mode 100644 .ralph-tui/iterations/iteration-019-US-019.log
 create mode 100644 .ralph-tui/iterations/iteration-020-US-020.log
 create mode 100644 .ralph-tui/iterations/iteration-021-US-021.log
 create mode 100644 .ralph-tui/iterations/iteration-022-US-022.log
 create mode 100644 .ralph-tui/iterations/iteration-023-US-023.log
 create mode 100644 .ralph-tui/iterations/iteration-024-US-024.log

