# Iteration 5 Log

## Metadata

- **Task ID**: US-005
- **Task Title**: Add socket events to create room and join room with display name
- **Description**: Enable basic multiplayer session creation and joining, with ephemeral naming.
- **Status**: completed
- **Task Completed**: Yes
- **Promise Detected**: Yes
- **Started At**: 2026-01-17T18:46:27.924Z
- **Ended At**: 2026-01-17T18:53:41.328Z
- **Duration**: 7m 13s
- **Agent**: opencode
- **Model**: opencode/glm-4.7-free
--- RAW OUTPUT ---
I'll implement US-005 to add socket events for creating and joining rooms with display names. Let me first examine the current codebase structure.
<promise>COMPLETE</promise>

--- STDERR ---
[94m[1m| [0m[90m Glob     [0m{"pattern":"**/*.ts"}
[96m[1m| [0m[90m Read     [0mserver\src\index.ts

[96m[1m| [0m[90m Read     [0mshared\src\index.ts[96m[1m| [0m[90m Read     [0mserver\src\RoomManager.ts
[96m[1m| [0m[90m Read     [0mserver\server.test.ts
[93m[1m| [0m[90m Todo     [0m6 todos
[92m[1m| [0m[90m Edit     [0mshared\src\index.ts
[93m[1m| [0m[90m Todo     [0m5 todos
[92m[1m| [0m[90m Edit     [0mserver\src\index.ts
[92m[1m| [0m[90m Edit     [0mserver\src\index.ts
[92m[1m| [0m[90m Edit     [0mserver\src\index.ts
[96m[1m| [0m[90m Read     [0mserver\src\index.ts
[92m[1m| [0m[90m Edit     [0mserver\src\index.ts
[93m[1m| [0m[90m Todo     [0m3 todos
[92m[1m| [0m[90m Edit     [0mserver\server.test.ts
[96m[1m| [0m[90m Read     [0mserver\server.test.ts
[92m[1m| [0m[90m Edit     [0mserver\server.test.ts
[93m[1m| [0m[90m Todo     [0m2 todos
[91m[1m| [0m[90m Bash     [0mRun typecheck on server

error: No packages matched the filter

[96m[1m| [0m[90m Read     [0mpackage.json
[96m[1m| [0m[90m Read     [0mserver\package.json
[91m[1m| [0m[90m Bash     [0mRun typecheck on server package

$ tsc --noEmit

[93m[1m| [0m[90m Todo     [0m1 todos
[91m[1m| [0m[90m Bash     [0mRun server tests

bun test v1.3.6 (d530ed99)

server.test.ts:

# Unhandled error between tests
-------------------------------
error: Cannot find package 'socket.io-client' from 'C:\Users\mark\Works\ccu.vc\server\server.test.ts'
-------------------------------


 0 pass
 1 fail
 1 error
Ran 1 test across 1 file. [51.00ms]


[91m[1m| [0m[90m Bash     [0mInstall socket.io-client as dev dependencybun add v1.3.6 (d530ed99)
Resolving dependencies
Resolved, downloaded and extracted [20]
Saved lockfile

installed socket.io-client@4.8.3

6 packages installed [959.00ms]


[91m[1m| [0m[90m Bash     [0mRun server tests

bun test v1.3.6 (d530ed99)

 14 pass
 0 fail
 33 expect() calls
Ran 14 tests across 1 file. [551.00ms]

[93m[1m| [0m[90m Todo     [0m0 todos
