# Iteration 14 Log

## Metadata

- **Task ID**: US-014
- **Task Title**: Implement actionId-based actionAck responses (server) and pending UX hooks (client)
- **Description**: Enable responsive client feedback while keeping server authority.
- **Status**: completed
- **Task Completed**: Yes
- **Promise Detected**: Yes
- **Started At**: 2026-01-17T19:57:46.440Z
- **Ended At**: 2026-01-17T20:03:19.203Z
- **Duration**: 5m 32s
- **Agent**: opencode
- **Model**: opencode/glm-4.7-free
--- RAW OUTPUT ---
I'll implement US-014 to add actionId-based actionAck responses and pending UX hooks. Let me start by exploring the codebase structure.
<promise>COMPLETE</promise>

--- STDERR ---
[94m[1m| [0m[90m Glob     [0m{"pattern":"**/server/**/*.ts"}
[94m[1m| [0m[90m Glob     [0m{"pattern":"**/client/**/*.ts"}
[94m[1m| [0m[90m Glob     [0m{"pattern":"**/client/**/*.tsx"}
[96m[1m| [0m[90m Read     [0mserver\src\index.ts
[96m[1m| [0m[90m Read     [0mserver\src\RoomManager.ts
[96m[1m| [0m[90m Read     [0mclient\src\App.tsx
[96m[1m| [0m[90m Read     [0mclient\src\main.tsx
[94m[1m| [0m[90m Glob     [0m{"pattern":"**/shared/**/*.ts"}
[96m[1m| [0m[90m Read     [0mshared\src\index.ts
[92m[1m| [0m[90m Edit     [0mshared\src\index.ts
[92m[1m| [0m[90m Edit     [0mshared\src\index.ts
[92m[1m| [0m[90m Edit     [0mserver\src\index.ts
[96m[1m| [0m[90m Read     [0mserver\src\index.ts
[91m[1m| [0m[90m Bash     [0mBuild shared types to ensure changes are applied
The system cannot find the path specified.


[91m[1m| [0m[90m Bash     [0mBuild shared types to ensure changes are applied

error: No packages matched the filter

[94m[1m| [0m[90m Glob     [0m{"pattern":"**/package.json"}
[96m[1m| [0m[90m Read     [0mshared\package.json
[91m[1m| [0m[90m Bash     [0mBuild shared types

$ tsc --outDir dist

[91m[1m| [0m[90m Bash     [0mTypecheck server to verify types
$ tsc --noEmit


[96m[1m| [0m[90m Read     [0mserver\src\index.ts
[92m[1m| [0m[90m Edit     [0mserver\src\index.ts
[96m[1m| [0m[90m Read     [0mserver\src\index.ts
[92m[1m| [0m[90m Edit     [0mserver\src\index.ts
[92m[1m| [0m[90m Edit     [0mserver\src\index.ts
[96m[1m| [0m[90m Read     [0mserver\src\index.ts
[96m[1m| [0m[90m Read     [0mserver\src\index.ts
[92m[1m| [0m[90m Edit     [0mserver\src\index.ts
[96m[1m| [0m[90m Read     [0mserver\src\index.ts
[91m[1m| [0m[90m Bash     [0mTypecheck server to verify changes

$ tsc --noEmit

[92m[1m| [0m[90m Edit     [0mclient\src\App.tsx
[96m[1m| [0m[90m Read     [0mclient\src\App.tsx
[92m[1m| [0m[90m Edit     [0mclient\src\App.tsx
[96m[1m| [0m[90m Read     [0mclient\src\App.tsx
[92m[1m| [0m[90m Edit     [0mclient\src\App.tsx
[96m[1m| [0m[90m Read     [0mclient\src\App.tsx
[96m[1m| [0m[90m Read     [0mclient\src\App.tsx
[92m[1m| [0m[90m Edit     [0mclient\src\App.tsx
[96m[1m| [0m[90m Read     [0mclient\src\App.tsx
[92m[1m| [0m[90m Edit     [0mclient\src\App.tsx
[92m[1m| [0m[90m Edit     [0mclient\src\App.tsx
[92m[1m| [0m[90m Edit     [0mclient\src\App.tsx
[91m[1m| [0m[90m Bash     [0mTypecheck server to verify changes

$ tsc --noEmit

[91m[1m| [0m[90m Bash     [0mTypecheck client to verify changes

$ tsc --noEmit

[91m[1m| [0m[90m Bash     [0mBuild client to verify changes

$ tsc --noEmit && vite build
[36mvite v5.4.21 [32mbuilding for production...[36m[39m
transforming...
[32m✓[39m 60 modules transformed.
rendering chunks...
computing gzip size...
[2mdist/[22m[32mindex.html                 [39m[1m[2m  0.39 kB[22m[1m[22m[2m │ gzip:  0.27 kB[22m
[2mdist/[22m[35massets/index-D8X-SmYZ.css  [39m[1m[2m  1.78 kB[22m[1m[22m[2m │ gzip:  0.80 kB[22m
[2mdist/[22m[36massets/index-X9MZSYc1.js   [39m[1m[2m188.80 kB[22m[1m[22m[2m │ gzip: 62.54 kB[22m
[32m✓ built in 1.55s[39m

[91m[1m| [0m[90m Bash     [0mCheck git status

On branch main
Your branch is ahead of 'origin/main' by 10 commits.
  (use "git push" to publish your local commits)

Changes not staged for commit:
  (use "git add <file>..." to update what will be committed)
  (use "git restore <file>..." to discard changes in working directory)
	modified:   .ralph-tui/config.toml
	modified:   bun.lock
	modified:   client/src/App.tsx
	modified:   prd.json
	modified:   server/package.json
	modified:   server/src/index.ts
	modified:   shared/src/index.ts

Untracked files:
  (use "git add <file>..." to include in what will be committed)
	.ralph-tui/iterations/
	.ralph-tui/progress.md
	.ralph-tui/ralph.lock
	.ralph-tui/session.json

no changes added to commit (use "git add" and/or "git commit -a")


[91m[1m| [0m[90m Bash     [0mShow changes to commit
warning: in the working copy of '.ralph-tui/config.toml', LF will be replaced by CRLF the next time Git touches it
warning: in the working copy of 'bun.lock', LF will be replaced by CRLF the next time Git touches it
warning: in the working copy of 'client/src/App.tsx', LF will be replaced by CRLF the next time Git touches it
warning: in the working copy of 'prd.json', LF will be replaced by CRLF the next time Git touches it
warning: in the working copy of 'server/package.json', LF will be replaced by CRLF the next time Git touches it
warning: in the working copy of 'server/src/index.ts', LF will be replaced by CRLF the next time Git touches it
warning: in the working copy of 'shared/src/index.ts', LF will be replaced by CRLF the next time Git touches it
diff --git a/.ralph-tui/config.toml b/.ralph-tui/config.toml
index 3d9594a..454f1d1 100644
--- a/.ralph-tui/config.toml
+++ b/.ralph-tui/config.toml
@@ -1,11 +1,8 @@
-# Ralph TUI Configuration
-# Generated by setup wizard
-# See: ralph-tui config help
-
-tracker = "json"
-agent = "opencode"
 maxIterations = 10
+agent = "opencode"
+tracker = "json"
 autoCommit = true
+subagentTracingDetail = "off"
 
-[trackerOptions]
 [agentOptions]
+[trackerOptions]
diff --git a/bun.lock b/bun.lock
index 18d7f20..0771d6e 100644
--- a/bun.lock
+++ b/bun.lock
@@ -12,10 +12,16 @@
       "name": "client",
       "version": "0.0.1",
       "dependencies": {
+        "react": "^18.0.0",
+        "react-dom": "^18.0.0",
         "shared": "workspace:*",
+        "socket.io-client": "^4.8.3",
       },
       "devDependencies": {
+        "@types/react": "^18.0.0",
+        "@types/react-dom": "^18.0.0",
         "typescript": "^5.0.0",
+        "vite": "^5.0.0",
       },
     },
     "server": {
@@ -27,6 +33,7 @@
       },
       "devDependencies": {
         "@types/bun": "latest",
+        "socket.io-client": "^4.8.3",
         "typescript": "^5.0.0",
       },
     },
@@ -39,14 +46,118 @@
     },
   },
   "packages": {
+    "@esbuild/aix-ppc64": ["@esbuild/aix-ppc64@0.21.5", "", { "os": "aix", "cpu": "ppc64" }, "sha512-1SDgH6ZSPTlggy1yI6+Dbkiz8xzpHJEVAlF/AM1tHPLsf5STom9rwtjE4hKAF20FfXXNTFqEYXyJNWh1GiZedQ=="],
+
+    "@esbuild/android-arm": ["@esbuild/android-arm@0.21.5", "", { "os": "android", "cpu": "arm" }, "sha512-vCPvzSjpPHEi1siZdlvAlsPxXl7WbOVUBBAowWug4rJHb68Ox8KualB+1ocNvT5fjv6wpkX6o/iEpbDrf68zcg=="],
+
+    "@esbuild/android-arm64": ["@esbuild/android-arm64@0.21.5", "", { "os": "android", "cpu": "arm64" }, "sha512-c0uX9VAUBQ7dTDCjq+wdyGLowMdtR/GoC2U5IYk/7D1H1JYC0qseD7+11iMP2mRLN9RcCMRcjC4YMclCzGwS/A=="],
+
+    "@esbuild/android-x64": ["@esbuild/android-x64@0.21.5", "", { "os": "android", "cpu": "x64" }, "sha512-D7aPRUUNHRBwHxzxRvp856rjUHRFW1SdQATKXH2hqA0kAZb1hKmi02OpYRacl0TxIGz/ZmXWlbZgjwWYaCakTA=="],
+
+    "@esbuild/darwin-arm64": ["@esbuild/darwin-arm64@0.21.5", "", { "os": "darwin", "cpu": "arm64" }, "sha512-DwqXqZyuk5AiWWf3UfLiRDJ5EDd49zg6O9wclZ7kUMv2WRFr4HKjXp/5t8JZ11QbQfUS6/cRCKGwYhtNAY88kQ=="],
+
+    "@esbuild/darwin-x64": ["@esbuild/darwin-x64@0.21.5", "", { "os": "darwin", "cpu": "x64" }, "sha512-se/JjF8NlmKVG4kNIuyWMV/22ZaerB+qaSi5MdrXtd6R08kvs2qCN4C09miupktDitvh8jRFflwGFBQcxZRjbw=="],
+
+    "@esbuild/freebsd-arm64": ["@esbuild/freebsd-arm64@0.21.5", "", { "os": "freebsd", "cpu": "arm64" }, "sha512-5JcRxxRDUJLX8JXp/wcBCy3pENnCgBR9bN6JsY4OmhfUtIHe3ZW0mawA7+RDAcMLrMIZaf03NlQiX9DGyB8h4g=="],
+
+    "@esbuild/freebsd-x64": ["@esbuild/freebsd-x64@0.21.5", "", { "os": "freebsd", "cpu": "x64" }, "sha512-J95kNBj1zkbMXtHVH29bBriQygMXqoVQOQYA+ISs0/2l3T9/kj42ow2mpqerRBxDJnmkUDCaQT/dfNXWX/ZZCQ=="],
+
+    "@esbuild/linux-arm": ["@esbuild/linux-arm@0.21.5", "", { "os": "linux", "cpu": "arm" }, "sha512-bPb5AHZtbeNGjCKVZ9UGqGwo8EUu4cLq68E95A53KlxAPRmUyYv2D6F0uUI65XisGOL1hBP5mTronbgo+0bFcA=="],
+
+    "@esbuild/linux-arm64": ["@esbuild/linux-arm64@0.21.5", "", { "os": "linux", "cpu": "arm64" }, "sha512-ibKvmyYzKsBeX8d8I7MH/TMfWDXBF3db4qM6sy+7re0YXya+K1cem3on9XgdT2EQGMu4hQyZhan7TeQ8XkGp4Q=="],
+
+    "@esbuild/linux-ia32": ["@esbuild/linux-ia32@0.21.5", "", { "os": "linux", "cpu": "ia32" }, "sha512-YvjXDqLRqPDl2dvRODYmmhz4rPeVKYvppfGYKSNGdyZkA01046pLWyRKKI3ax8fbJoK5QbxblURkwK/MWY18Tg=="],
+
+    "@esbuild/linux-loong64": ["@esbuild/linux-loong64@0.21.5", "", { "os": "linux", "cpu": "none" }, "sha512-uHf1BmMG8qEvzdrzAqg2SIG/02+4/DHB6a9Kbya0XDvwDEKCoC8ZRWI5JJvNdUjtciBGFQ5PuBlpEOXQj+JQSg=="],
+
+    "@esbuild/linux-mips64el": ["@esbuild/linux-mips64el@0.21.5", "", { "os": "linux", "cpu": "none" }, "sha512-IajOmO+KJK23bj52dFSNCMsz1QP1DqM6cwLUv3W1QwyxkyIWecfafnI555fvSGqEKwjMXVLokcV5ygHW5b3Jbg=="],
+
+    "@esbuild/linux-ppc64": ["@esbuild/linux-ppc64@0.21.5", "", { "os": "linux", "cpu": "ppc64" }, "sha512-1hHV/Z4OEfMwpLO8rp7CvlhBDnjsC3CttJXIhBi+5Aj5r+MBvy4egg7wCbe//hSsT+RvDAG7s81tAvpL2XAE4w=="],
+
+    "@esbuild/linux-riscv64": ["@esbuild/linux-riscv64@0.21.5", "", { "os": "linux", "cpu": "none" }, "sha512-2HdXDMd9GMgTGrPWnJzP2ALSokE/0O5HhTUvWIbD3YdjME8JwvSCnNGBnTThKGEB91OZhzrJ4qIIxk/SBmyDDA=="],
+
+    "@esbuild/linux-s390x": ["@esbuild/linux-s390x@0.21.5", "", { "os": "linux", "cpu": "s390x" }, "sha512-zus5sxzqBJD3eXxwvjN1yQkRepANgxE9lgOW2qLnmr8ikMTphkjgXu1HR01K4FJg8h1kEEDAqDcZQtbrRnB41A=="],
+
+    "@esbuild/linux-x64": ["@esbuild/linux-x64@0.21.5", "", { "os": "linux", "cpu": "x64" }, "sha512-1rYdTpyv03iycF1+BhzrzQJCdOuAOtaqHTWJZCWvijKD2N5Xu0TtVC8/+1faWqcP9iBCWOmjmhoH94dH82BxPQ=="],
+
+    "@esbuild/netbsd-x64": ["@esbuild/netbsd-x64@0.21.5", "", { "os": "none", "cpu": "x64" }, "sha512-Woi2MXzXjMULccIwMnLciyZH4nCIMpWQAs049KEeMvOcNADVxo0UBIQPfSmxB3CWKedngg7sWZdLvLczpe0tLg=="],
+
+    "@esbuild/openbsd-x64": ["@esbuild/openbsd-x64@0.21.5", "", { "os": "openbsd", "cpu": "x64" }, "sha512-HLNNw99xsvx12lFBUwoT8EVCsSvRNDVxNpjZ7bPn947b8gJPzeHWyNVhFsaerc0n3TsbOINvRP2byTZ5LKezow=="],
+
+    "@esbuild/sunos-x64": ["@esbuild/sunos-x64@0.21.5", "", { "os": "sunos", "cpu": "x64" }, "sha512-6+gjmFpfy0BHU5Tpptkuh8+uw3mnrvgs+dSPQXQOv3ekbordwnzTVEb4qnIvQcYXq6gzkyTnoZ9dZG+D4garKg=="],
+
+    "@esbuild/win32-arm64": ["@esbuild/win32-arm64@0.21.5", "", { "os": "win32", "cpu": "arm64" }, "sha512-Z0gOTd75VvXqyq7nsl93zwahcTROgqvuAcYDUr+vOv8uHhNSKROyU961kgtCD1e95IqPKSQKH7tBTslnS3tA8A=="],
+
+    "@esbuild/win32-ia32": ["@esbuild/win32-ia32@0.21.5", "", { "os": "win32", "cpu": "ia32" }, "sha512-SWXFF1CL2RVNMaVs+BBClwtfZSvDgtL//G/smwAc5oVK/UPu2Gu9tIaRgFmYFFKrmg3SyAjSrElf0TiJ1v8fYA=="],
+
+    "@esbuild/win32-x64": ["@esbuild/win32-x64@0.21.5", "", { "os": "win32", "cpu": "x64" }, "sha512-tQd/1efJuzPC6rCFwEvLtci/xNFcTZknmXs98FYDfGE4wP9ClFV98nyKrzJKVPMhdDnjzLhdUyMX4PsQAPjwIw=="],
+
+    "@rollup/rollup-android-arm-eabi": ["@rollup/rollup-android-arm-eabi@4.55.1", "", { "os": "android", "cpu": "arm" }, "sha512-9R0DM/ykwfGIlNu6+2U09ga0WXeZ9MRC2Ter8jnz8415VbuIykVuc6bhdrbORFZANDmTDvq26mJrEVTl8TdnDg=="],
+
+    "@rollup/rollup-android-arm64": ["@rollup/rollup-android-arm64@4.55.1", "", { "os": "android", "cpu": "arm64" }, "sha512-eFZCb1YUqhTysgW3sj/55du5cG57S7UTNtdMjCW7LwVcj3dTTcowCsC8p7uBdzKsZYa8J7IDE8lhMI+HX1vQvg=="],
+
+    "@rollup/rollup-darwin-arm64": ["@rollup/rollup-darwin-arm64@4.55.1", "", { "os": "darwin", "cpu": "arm64" }, "sha512-p3grE2PHcQm2e8PSGZdzIhCKbMCw/xi9XvMPErPhwO17vxtvCN5FEA2mSLgmKlCjHGMQTP6phuQTYWUnKewwGg=="],
+
+    "@rollup/rollup-darwin-x64": ["@rollup/rollup-darwin-x64@4.55.1", "", { "os": "darwin", "cpu": "x64" }, "sha512-rDUjG25C9qoTm+e02Esi+aqTKSBYwVTaoS1wxcN47/Luqef57Vgp96xNANwt5npq9GDxsH7kXxNkJVEsWEOEaQ=="],
+
+    "@rollup/rollup-freebsd-arm64": ["@rollup/rollup-freebsd-arm64@4.55.1", "", { "os": "freebsd", "cpu": "arm64" }, "sha512-+JiU7Jbp5cdxekIgdte0jfcu5oqw4GCKr6i3PJTlXTCU5H5Fvtkpbs4XJHRmWNXF+hKmn4v7ogI5OQPaupJgOg=="],
+
+    "@rollup/rollup-freebsd-x64": ["@rollup/rollup-freebsd-x64@4.55.1", "", { "os": "freebsd", "cpu": "x64" }, "sha512-V5xC1tOVWtLLmr3YUk2f6EJK4qksksOYiz/TCsFHu/R+woubcLWdC9nZQmwjOAbmExBIVKsm1/wKmEy4z4u4Bw=="],
+
+    "@rollup/rollup-linux-arm-gnueabihf": ["@rollup/rollup-linux-arm-gnueabihf@4.55.1", "", { "os": "linux", "cpu": "arm" }, "sha512-Rn3n+FUk2J5VWx+ywrG/HGPTD9jXNbicRtTM11e/uorplArnXZYsVifnPPqNNP5BsO3roI4n8332ukpY/zN7rQ=="],
+
+    "@rollup/rollup-linux-arm-musleabihf": ["@rollup/rollup-linux-arm-musleabihf@4.55.1", "", { "os": "linux", "cpu": "arm" }, "sha512-grPNWydeKtc1aEdrJDWk4opD7nFtQbMmV7769hiAaYyUKCT1faPRm2av8CX1YJsZ4TLAZcg9gTR1KvEzoLjXkg=="],
+
+    "@rollup/rollup-linux-arm64-gnu": ["@rollup/rollup-linux-arm64-gnu@4.55.1", "", { "os": "linux", "cpu": "arm64" }, "sha512-a59mwd1k6x8tXKcUxSyISiquLwB5pX+fJW9TkWU46lCqD/GRDe9uDN31jrMmVP3feI3mhAdvcCClhV8V5MhJFQ=="],
+
+    "@rollup/rollup-linux-arm64-musl": ["@rollup/rollup-linux-arm64-musl@4.55.1", "", { "os": "linux", "cpu": "arm64" }, "sha512-puS1MEgWX5GsHSoiAsF0TYrpomdvkaXm0CofIMG5uVkP6IBV+ZO9xhC5YEN49nsgYo1DuuMquF9+7EDBVYu4uA=="],
+
+    "@rollup/rollup-linux-loong64-gnu": ["@rollup/rollup-linux-loong64-gnu@4.55.1", "", { "os": "linux", "cpu": "none" }, "sha512-r3Wv40in+lTsULSb6nnoudVbARdOwb2u5fpeoOAZjFLznp6tDU8kd+GTHmJoqZ9lt6/Sys33KdIHUaQihFcu7g=="],
+
+    "@rollup/rollup-linux-loong64-musl": ["@rollup/rollup-linux-loong64-musl@4.55.1", "", { "os": "linux", "cpu": "none" }, "sha512-MR8c0+UxAlB22Fq4R+aQSPBayvYa3+9DrwG/i1TKQXFYEaoW3B5b/rkSRIypcZDdWjWnpcvxbNaAJDcSbJU3Lw=="],
+
+    "@rollup/rollup-linux-ppc64-gnu": ["@rollup/rollup-linux-ppc64-gnu@4.55.1", "", { "os": "linux", "cpu": "ppc64" }, "sha512-3KhoECe1BRlSYpMTeVrD4sh2Pw2xgt4jzNSZIIPLFEsnQn9gAnZagW9+VqDqAHgm1Xc77LzJOo2LdigS5qZ+gw=="],
+
+    "@rollup/rollup-linux-ppc64-musl": ["@rollup/rollup-linux-ppc64-musl@4.55.1", "", { "os": "linux", "cpu": "ppc64" }, "sha512-ziR1OuZx0vdYZZ30vueNZTg73alF59DicYrPViG0NEgDVN8/Jl87zkAPu4u6VjZST2llgEUjaiNl9JM6HH1Vdw=="],
+
+    "@rollup/rollup-linux-riscv64-gnu": ["@rollup/rollup-linux-riscv64-gnu@4.55.1", "", { "os": "linux", "cpu": "none" }, "sha512-uW0Y12ih2XJRERZ4jAfKamTyIHVMPQnTZcQjme2HMVDAHY4amf5u414OqNYC+x+LzRdRcnIG1YodLrrtA8xsxw=="],
+
+    "@rollup/rollup-linux-riscv64-musl": ["@rollup/rollup-linux-riscv64-musl@4.55.1", "", { "os": "linux", "cpu": "none" }, "sha512-u9yZ0jUkOED1BFrqu3BwMQoixvGHGZ+JhJNkNKY/hyoEgOwlqKb62qu+7UjbPSHYjiVy8kKJHvXKv5coH4wDeg=="],
+
+    "@rollup/rollup-linux-s390x-gnu": ["@rollup/rollup-linux-s390x-gnu@4.55.1", "", { "os": "linux", "cpu": "s390x" }, "sha512-/0PenBCmqM4ZUd0190j7J0UsQ/1nsi735iPRakO8iPciE7BQ495Y6msPzaOmvx0/pn+eJVVlZrNrSh4WSYLxNg=="],
+
+    "@rollup/rollup-linux-x64-gnu": ["@rollup/rollup-linux-x64-gnu@4.55.1", "", { "os": "linux", "cpu": "x64" }, "sha512-a8G4wiQxQG2BAvo+gU6XrReRRqj+pLS2NGXKm8io19goR+K8lw269eTrPkSdDTALwMmJp4th2Uh0D8J9bEV1vg=="],
+
+    "@rollup/rollup-linux-x64-musl": ["@rollup/rollup-linux-x64-musl@4.55.1", "", { "os": "linux", "cpu": "x64" }, "sha512-bD+zjpFrMpP/hqkfEcnjXWHMw5BIghGisOKPj+2NaNDuVT+8Ds4mPf3XcPHuat1tz89WRL+1wbcxKY3WSbiT7w=="],
+
+    "@rollup/rollup-openbsd-x64": ["@rollup/rollup-openbsd-x64@4.55.1", "", { "os": "openbsd", "cpu": "x64" }, "sha512-eLXw0dOiqE4QmvikfQ6yjgkg/xDM+MdU9YJuP4ySTibXU0oAvnEWXt7UDJmD4UkYialMfOGFPJnIHSe/kdzPxg=="],
+
+    "@rollup/rollup-openharmony-arm64": ["@rollup/rollup-openharmony-arm64@4.55.1", "", { "os": "none", "cpu": "arm64" }, "sha512-xzm44KgEP11te3S2HCSyYf5zIzWmx3n8HDCc7EE59+lTcswEWNpvMLfd9uJvVX8LCg9QWG67Xt75AuHn4vgsXw=="],
+
+    "@rollup/rollup-win32-arm64-msvc": ["@rollup/rollup-win32-arm64-msvc@4.55.1", "", { "os": "win32", "cpu": "arm64" }, "sha512-yR6Bl3tMC/gBok5cz/Qi0xYnVbIxGx5Fcf/ca0eB6/6JwOY+SRUcJfI0OpeTpPls7f194as62thCt/2BjxYN8g=="],
+
+    "@rollup/rollup-win32-ia32-msvc": ["@rollup/rollup-win32-ia32-msvc@4.55.1", "", { "os": "win32", "cpu": "ia32" }, "sha512-3fZBidchE0eY0oFZBnekYCfg+5wAB0mbpCBuofh5mZuzIU/4jIVkbESmd2dOsFNS78b53CYv3OAtwqkZZmU5nA=="],
+
+    "@rollup/rollup-win32-x64-gnu": ["@rollup/rollup-win32-x64-gnu@4.55.1", "", { "os": "win32", "cpu": "x64" }, "sha512-xGGY5pXj69IxKb4yv/POoocPy/qmEGhimy/FoTpTSVju3FYXUQQMFCaZZXJVidsmGxRioZAwpThl/4zX41gRKg=="],
+
+    "@rollup/rollup-win32-x64-msvc": ["@rollup/rollup-win32-x64-msvc@4.55.1", "", { "os": "win32", "cpu": "x64" }, "sha512-SPEpaL6DX4rmcXtnhdrQYgzQ5W2uW3SCJch88lB2zImhJRhIIK44fkUrgIV/Q8yUNfw5oyZ5vkeQsZLhCb06lw=="],
+
     "@socket.io/component-emitter": ["@socket.io/component-emitter@3.1.2", "", {}, "sha512-9BCxFwvbGg/RsZK9tjXd8s4UcwR0MWeFQ1XEKIQVVvAGJyINdrqKMcTRyLoK8Rse1GjzLV9cwjWV1olXRWEXVA=="],
 
     "@types/bun": ["@types/bun@1.3.6", "", { "dependencies": { "bun-types": "1.3.6" } }, "sha512-uWCv6FO/8LcpREhenN1d1b6fcspAB+cefwD7uti8C8VffIv0Um08TKMn98FynpTiU38+y2dUO55T11NgDt8VAA=="],
 
     "@types/cors": ["@types/cors@2.8.19", "", { "dependencies": { "@types/node": "*" } }, "sha512-mFNylyeyqN93lfe/9CSxOGREz8cpzAhH+E93xJ4xWQf62V8sQ/24reV2nyzUWM6H6Xji+GGHpkbLe7pVoUEskg=="],
 
+    "@types/estree": ["@types/estree@1.0.8", "", {}, "sha512-dWHzHa2WqEXI/O1E9OjrocMTKJl2mSrEolh1Iomrv6U+JuNwaHXsXx9bLu5gG7BUWFIN0skIQJQ/L1rIex4X6w=="],
+
     "@types/node": ["@types/node@25.0.9", "", { "dependencies": { "undici-types": "~7.16.0" } }, "sha512-/rpCXHlCWeqClNBwUhDcusJxXYDjZTyE8v5oTO7WbL8eij2nKhUeU89/6xgjU7N4/Vh3He0BtyhJdQbDyhiXAw=="],
 
+    "@types/prop-types": ["@types/prop-types@15.7.15", "", {}, "sha512-F6bEyamV9jKGAFBEmlQnesRPGOQqS2+Uwi0Em15xenOxHaf2hv6L8YCVn3rPdPJOiJfPiCnLIRyvwVaqMY3MIw=="],
+
+    "@types/react": ["@types/react@18.3.27", "", { "dependencies": { "@types/prop-types": "*", "csstype": "^3.2.2" } }, "sha512-cisd7gxkzjBKU2GgdYrTdtQx1SORymWyaAFhaxQPK9bYO9ot3Y5OikQRvY0VYQtvwjeQnizCINJAenh/V7MK2w=="],
+
+    "@types/react-dom": ["@types/react-dom@18.3.7", "", { "peerDependencies": { "@types/react": "^18.0.0" } }, "sha512-MEe3UeoENYVFXzoXEWsvcpg6ZvlrFNlOQ7EOsvhI3CfAXwzPfO8Qwuxd40nepsYKqyyVQnTdEfv68q91yLcKrQ=="],
+
     "accepts": ["accepts@1.3.8", "", { "dependencies": { "mime-types": "~2.1.34", "negotiator": "0.6.3" } }, "sha512-PYAthTa2m2VKxuvSD3DPC/Gy+U+sOA1LAuT8mkmRuvw+NACSaeXEQ+NHcVF7rONl6qcaxV3Uuemwawk+7+SJLw=="],
 
     "base64id": ["base64id@2.0.0", "", {}, "sha512-lGe34o6EHj9y3Kts9R4ZYs/Gr+6N7MCaMlIFA3F1R2O5/m7K06AxfSeO5530PEERE6/WyEg3lsuyw4GHlPZHog=="],
@@ -59,22 +170,48 @@
 
     "cors": ["cors@2.8.5", "", { "dependencies": { "object-assign": "^4", "vary": "^1" } }, "sha512-KIHbLJqu73RGr/hnbrO9uBeixNGuvSQjul/jdFvS/KFSIH1hWVd1ng7zOHx+YrEfInLG7q4n6GHQ9cDtxv/P6g=="],
 
+    "csstype": ["csstype@3.2.3", "", {}, "sha512-z1HGKcYy2xA8AGQfwrn0PAy+PB7X/GSj3UVJW9qKyn43xWa+gl5nXmU4qqLMRzWVLFC8KusUX8T/0kCiOYpAIQ=="],
+
     "debug": ["debug@4.4.3", "", { "dependencies": { "ms": "^2.1.3" } }, "sha512-RGwwWnwQvkVfavKVt22FGLw+xYSdzARwm0ru6DhTVA3umU5hZc28V3kO4stgYryrTlLpuvgI9GiijltAjNbcqA=="],
 
     "engine.io": ["engine.io@6.6.5", "", { "dependencies": { "@types/cors": "^2.8.12", "@types/node": ">=10.0.0", "accepts": "~1.3.4", "base64id": "2.0.0", "cookie": "~0.7.2", "cors": "~2.8.5", "debug": "~4.4.1", "engine.io-parser": "~5.2.1", "ws": "~8.18.3" } }, "sha512-2RZdgEbXmp5+dVbRm0P7HQUImZpICccJy7rN7Tv+SFa55pH+lxnuw6/K1ZxxBfHoYpSkHLAO92oa8O4SwFXA2A=="],
 
+    "engine.io-client": ["engine.io-client@6.6.4", "", { "dependencies": { "@socket.io/component-emitter": "~3.1.0", "debug": "~4.4.1", "engine.io-parser": "~5.2.1", "ws": "~8.18.3", "xmlhttprequest-ssl": "~2.1.1" } }, "sha512-+kjUJnZGwzewFDw951CDWcwj35vMNf2fcj7xQWOctq1F2i1jkDdVvdFG9kM/BEChymCH36KgjnW0NsL58JYRxw=="],
+
     "engine.io-parser": ["engine.io-parser@5.2.3", "", {}, "sha512-HqD3yTBfnBxIrbnM1DoD6Pcq8NECnh8d4As1Qgh0z5Gg3jRRIqijury0CL3ghu/edArpUYiYqQiDUQBIs4np3Q=="],
 
+    "esbuild": ["esbuild@0.21.5", "", { "optionalDependencies": { "@esbuild/aix-ppc64": "0.21.5", "@esbuild/android-arm": "0.21.5", "@esbuild/android-arm64": "0.21.5", "@esbuild/android-x64": "0.21.5", "@esbuild/darwin-arm64": "0.21.5", "@esbuild/darwin-x64": "0.21.5", "@esbuild/freebsd-arm64": "0.21.5", "@esbuild/freebsd-x64": "0.21.5", "@esbuild/linux-arm": "0.21.5", "@esbuild/linux-arm64": "0.21.5", "@esbuild/linux-ia32": "0.21.5", "@esbuild/linux-loong64": "0.21.5", "@esbuild/linux-mips64el": "0.21.5", "@esbuild/linux-ppc64": "0.21.5", "@esbuild/linux-riscv64": "0.21.5", "@esbuild/linux-s390x": "0.21.5", "@esbuild/linux-x64": "0.21.5", "@esbuild/netbsd-x64": "0.21.5", "@esbuild/openbsd-x64": "0.21.5", "@esbuild/sunos-x64": "0.21.5", "@esbuild/win32-arm64": "0.21.5", "@esbuild/win32-ia32": "0.21.5", "@esbuild/win32-x64": "0.21.5" }, "bin": { "esbuild": "bin/esbuild" } }, "sha512-mg3OPMV4hXywwpoDxu3Qda5xCKQi+vCTZq8S9J/EpkhB2HzKXq4SNFZE3+NK93JYxc8VMSep+lOUSC/RVKaBqw=="],
+
+    "fsevents": ["fsevents@2.3.3", "", { "os": "darwin" }, "sha512-5xoDfX+fL7faATnagmWPpbFtwh/R77WmMMqqHGS65C3vvB0YHrgF+B1YmZ3441tMj5n63k0212XNoJwzlhffQw=="],
+
+    "js-tokens": ["js-tokens@4.0.0", "", {}, "sha512-RdJUflcE3cUzKiMqQgsCu06FPu9UdIJO0beYbPhHN4k6apgJtifcoCtT9bcxOpYBtpD2kCM6Sbzg4CausW/PKQ=="],
+
+    "loose-envify": ["loose-envify@1.4.0", "", { "dependencies": { "js-tokens": "^3.0.0 || ^4.0.0" }, "bin": { "loose-envify": "cli.js" } }, "sha512-lyuxPGr/Wfhrlem2CL/UcnUc1zcqKAImBDzukY7Y5F/yQiNdko6+fRLevlw1HgMySw7f611UIY408EtxRSoK3Q=="],
+
     "mime-db": ["mime-db@1.52.0", "", {}, "sha512-sPU4uV7dYlvtWJxwwxHD0PuihVNiE7TyAbQ5SWxDCB9mUYvOgroQOwYQQOKPJ8CIbE+1ETVlOoK1UC2nU3gYvg=="],
 
     "mime-types": ["mime-types@2.1.35", "", { "dependencies": { "mime-db": "1.52.0" } }, "sha512-ZDY+bPm5zTTF+YpCrAU9nK0UgICYPT0QtT1NZWFv4s++TNkcgVaT0g6+4R2uI4MjQjzysHB1zxuWL50hzaeXiw=="],
 
     "ms": ["ms@2.1.3", "", {}, "sha512-6FlzubTLZG3J2a/NVCAleEhjzq5oxgHyaCU9yYXvcLsvoVaHJq/s5xXI6/XXP6tz7R9xAOtHnSO/tXtF3WRTlA=="],
 
+    "nanoid": ["nanoid@3.3.11", "", { "bin": { "nanoid": "bin/nanoid.cjs" } }, "sha512-N8SpfPUnUp1bK+PMYW8qSWdl9U+wwNWI4QKxOYDy9JAro3WMX7p2OeVRF9v+347pnakNevPmiHhNmZ2HbFA76w=="],
+
     "negotiator": ["negotiator@0.6.3", "", {}, "sha512-+EUsqGPLsM+j/zdChZjsnX51g4XrHFOIXwfnCVPGlQk/k5giakcKsuxCObBRu6DSm9opw/O6slWbJdghQM4bBg=="],
 
     "object-assign": ["object-assign@4.1.1", "", {}, "sha512-rJgTQnkUnH1sFw8yT6VSU3zD3sWmu6sZhIseY8VX+GRu3P6F7Fu+JNDoXfklElbLJSnc3FUQHVe4cU5hj+BcUg=="],
 
+    "picocolors": ["picocolors@1.1.1", "", {}, "sha512-xceH2snhtb5M9liqDsmEw56le376mTZkEX/jEb/RxNFyegNul7eNslCXP9FDj/Lcu0X8KEyMceP2ntpaHrDEVA=="],
+
+    "postcss": ["postcss@8.5.6", "", { "dependencies": { "nanoid": "^3.3.11", "picocolors": "^1.1.1", "source-map-js": "^1.2.1" } }, "sha512-3Ybi1tAuwAP9s0r1UQ2J4n5Y0G05bJkpUIO0/bI9MhwmD70S5aTWbXGBwxHrelT+XM1k6dM0pk+SwNkpTRN7Pg=="],
+
+    "react": ["react@18.3.1", "", { "dependencies": { "loose-envify": "^1.1.0" } }, "sha512-wS+hAgJShR0KhEvPJArfuPVN1+Hz1t0Y6n5jLrGQbkb4urgPE/0Rve+1kMB1v/oWgHgm4WIcV+i7F2pTVj+2iQ=="],
+
+    "react-dom": ["react-dom@18.3.1", "", { "dependencies": { "loose-envify": "^1.1.0", "scheduler": "^0.23.2" }, "peerDependencies": { "react": "^18.3.1" } }, "sha512-5m4nQKp+rZRb09LNH59GM4BxTh9251/ylbKIbpe7TpGxfJ+9kv6BLkLBXIjjspbgbnIBNqlI23tRnTWT0snUIw=="],
+
+    "rollup": ["rollup@4.55.1", "", { "dependencies": { "@types/estree": "1.0.8" }, "optionalDependencies": { "@rollup/rollup-android-arm-eabi": "4.55.1", "@rollup/rollup-android-arm64": "4.55.1", "@rollup/rollup-darwin-arm64": "4.55.1", "@rollup/rollup-darwin-x64": "4.55.1", "@rollup/rollup-freebsd-arm64": "4.55.1", "@rollup/rollup-freebsd-x64": "4.55.1", "@rollup/rollup-linux-arm-gnueabihf": "4.55.1", "@rollup/rollup-linux-arm-musleabihf": "4.55.1", "@rollup/rollup-linux-arm64-gnu": "4.55.1", "@rollup/rollup-linux-arm64-musl": "4.55.1", "@rollup/rollup-linux-loong64-gnu": "4.55.1", "@rollup/rollup-linux-loong64-musl": "4.55.1", "@rollup/rollup-linux-ppc64-gnu": "4.55.1", "@rollup/rollup-linux-ppc64-musl": "4.55.1", "@rollup/rollup-linux-riscv64-gnu": "4.55.1", "@rollup/rollup-linux-riscv64-musl": "4.55.1", "@rollup/rollup-linux-s390x-gnu": "4.55.1", "@rollup/rollup-linux-x64-gnu": "4.55.1", "@rollup/rollup-linux-x64-musl": "4.55.1", "@rollup/rollup-openbsd-x64": "4.55.1", "@rollup/rollup-openharmony-arm64": "4.55.1", "@rollup/rollup-win32-arm64-msvc": "4.55.1", "@rollup/rollup-win32-ia32-msvc": "4.55.1", "@rollup/rollup-win32-x64-gnu": "4.55.1", "@rollup/rollup-win32-x64-msvc": "4.55.1", "fsevents": "~2.3.2" }, "bin": { "rollup": "dist/bin/rollup" } }, "sha512-wDv/Ht1BNHB4upNbK74s9usvl7hObDnvVzknxqY/E/O3X6rW1U1rV1aENEfJ54eFZDTNo7zv1f5N4edCluH7+A=="],
+
+    "scheduler": ["scheduler@0.23.2", "", { "dependencies": { "loose-envify": "^1.1.0" } }, "sha512-UOShsPwz7NrMUqhR6t0hWjFduvOzbtv7toDH1/hIrfRNIDBnnBWd0CwJTGvTpngVlmwGCdP9/Zl/tVrDqcuYzQ=="],
+
     "server": ["server@workspace:server"],
 
     "shared": ["shared@workspace:shared"],
@@ -83,14 +220,22 @@
 
     "socket.io-adapter": ["socket.io-adapter@2.5.6", "", { "dependencies": { "debug": "~4.4.1", "ws": "~8.18.3" } }, "sha512-DkkO/dz7MGln0dHn5bmN3pPy+JmywNICWrJqVWiVOyvXjWQFIv9c2h24JrQLLFJ2aQVQf/Cvl1vblnd4r2apLQ=="],
 
+    "socket.io-client": ["socket.io-client@4.8.3", "", { "dependencies": { "@socket.io/component-emitter": "~3.1.0", "debug": "~4.4.1", "engine.io-client": "~6.6.1", "socket.io-parser": "~4.2.4" } }, "sha512-uP0bpjWrjQmUt5DTHq9RuoCBdFJF10cdX9X+a368j/Ft0wmaVgxlrjvK3kjvgCODOMMOz9lcaRzxmso0bTWZ/g=="],
+
     "socket.io-parser": ["socket.io-parser@4.2.5", "", { "dependencies": { "@socket.io/component-emitter": "~3.1.0", "debug": "~4.4.1" } }, "sha512-bPMmpy/5WWKHea5Y/jYAP6k74A+hvmRCQaJuJB6I/ML5JZq/KfNieUVo/3Mh7SAqn7TyFdIo6wqYHInG1MU1bQ=="],
 
+    "source-map-js": ["source-map-js@1.2.1", "", {}, "sha512-UXWMKhLOwVKb728IUtQPXxfYU+usdybtUrK/8uGE8CQMvrhOpwvzDBwj0QhSL7MQc7vIsISBG8VQ8+IDQxpfQA=="],
+
     "typescript": ["typescript@5.9.3", "", { "bin": { "tsc": "bin/tsc", "tsserver": "bin/tsserver" } }, "sha512-jl1vZzPDinLr9eUt3J/t7V6FgNEw9QjvBPdysz9KfQDD41fQrC2Y4vKQdiaUpFT4bXlb1RHhLpp8wtm6M5TgSw=="],
 
     "undici-types": ["undici-types@7.16.0", "", {}, "sha512-Zz+aZWSj8LE6zoxD+xrjh4VfkIG8Ya6LvYkZqtUQGJPZjYl53ypCaUwWqo7eI0x66KBGeRo+mlBEkMSeSZ38Nw=="],
 
     "vary": ["vary@1.1.2", "", {}, "sha512-BNGbWLfd0eUPabhkXUVm0j8uuvREyTh5ovRa/dyow/BqAbZJyC+5fU+IzQOzmAKzYqYRAISoRhdQr3eIZ/PXqg=="],
 
+    "vite": ["vite@5.4.21", "", { "dependencies": { "esbuild": "^0.21.3", "postcss": "^8.4.43", "rollup": "^4.20.0" }, "optionalDependencies": { "fsevents": "~2.3.3" }, "peerDependencies": { "@types/node": "^18.0.0 || >=20.0.0", "less": "*", "lightningcss": "^1.21.0", "sass": "*", "sass-embedded": "*", "stylus": "*", "sugarss": "*", "terser": "^5.4.0" }, "optionalPeers": ["@types/node", "less", "lightningcss", "sass", "sass-embedded", "stylus", "sugarss", "terser"], "bin": { "vite": "bin/vite.js" } }, "sha512-o5a9xKjbtuhY6Bi5S3+HvbRERmouabWbyUcpXXUA1u+GNUKoROi9byOJ8M0nHbHYHkYICiMlqxkg1KkYmm25Sw=="],
+
     "ws": ["ws@8.18.3", "", { "peerDependencies": { "bufferutil": "^4.0.1", "utf-8-validate": ">=5.0.2" }, "optionalPeers": ["bufferutil", "utf-8-validate"] }, "sha512-PEIGCY5tSlUt50cqyMXfCzX+oOPqN0vuGqWzbcJ2xvnkzkq46oOpz7dQaTDBdfICb4N14+GARUDw2XV2N4tvzg=="],
+
+    "xmlhttprequest-ssl": ["xmlhttprequest-ssl@2.1.2", "", {}, "sha512-TEU+nJVUUnA4CYJFLvK5X9AOeH4KvDvhIfm0vV1GaQRtchnG0hgK5p8hw/xjv8cunWYCsiPCSDzObPyhEwq3KQ=="],
   }
 }
diff --git a/client/src/App.tsx b/client/src/App.tsx
index f8beca9..beb0734 100644
--- a/client/src/App.tsx
+++ b/client/src/App.tsx
@@ -1,4 +1,4 @@
-import { useState, useEffect } from 'react';
+import { useState, useEffect, useCallback } from 'react';
 import { io, Socket } from 'socket.io-client';
 import type { RoomState, PlayerPublic, ServerToClientEvents, ClientToServerEvents } from 'shared';
 
@@ -11,6 +11,10 @@ const STORAGE_KEYS = {
 
 type AppView = 'lobby' | 'room';
 
+function generateActionId(): string {
+  return `action_${Date.now()}_${Math.random().toString(36).substring(2, 9)}`;
+}
+
 function App() {
   const [view, setView] = useState<AppView>('lobby');
   const [displayName, setDisplayName] = useState('');
@@ -21,6 +25,7 @@ function App() {
   const [loading, setLoading] = useState(false);
   const [error, setError] = useState('');
   const [socket, setSocket] = useState<Socket<ServerToClientEvents, ClientToServerEvents> | null>(null);
+  const [pendingActions, setPendingActions] = useState<Set<string>>(new Set());
 
   useEffect(() => {
     const storedSecret = localStorage.getItem(STORAGE_KEYS.PLAYER_SECRET);
@@ -34,8 +39,18 @@ function App() {
 
       const newSocket = io('http://localhost:3000');
 
+      newSocket.on('actionAck', ({ actionId, ok }: { actionId: string; ok: boolean }) => {
+        setPendingActions((prev) => {
+          const next = new Set(prev);
+          next.delete(actionId);
+          return next;
+        });
+      });
+
       newSocket.on('connect', () => {
-        newSocket.emit('reconnect_room', storedRoomCode, storedPlayerId, storedSecret, (response: { success: boolean; error?: string }) => {
+        const reconnectActionId = generateActionId();
+        setPendingActions((prev) => new Set(prev).add(reconnectActionId));
+        newSocket.emit('reconnect_room', reconnectActionId, storedRoomCode, storedPlayerId, storedSecret, (response: { success: boolean; error?: string }) => {
           if (response.success) {
             setJoinRoomCode(storedRoomCode);
           } else {
@@ -75,13 +90,23 @@ function App() {
 
     const newSocket = io('http://localhost:3000');
 
+    newSocket.on('actionAck', ({ actionId, ok }: { actionId: string; ok: boolean }) => {
+      setPendingActions((prev) => {
+        const next = new Set(prev);
+        next.delete(actionId);
+        return next;
+      });
+    });
+
     newSocket.emit('create_room', (response: { roomCode: string }) => {
       localStorage.setItem(STORAGE_KEYS.DISPLAY_NAME, displayName);
       setJoinRoomCode(response.roomCode);
     });
 
     newSocket.on('connect', () => {
-      newSocket.emit('join_room', joinRoomCode || roomCode, displayName, (response: { error: string } | { playerId: string; playerSecret: string }) => {
+      const joinActionId = generateActionId();
+      setPendingActions((prev) => new Set(prev).add(joinActionId));
+      newSocket.emit('join_room', joinActionId, joinRoomCode || roomCode, displayName, (response: { error: string } | { playerId: string; playerSecret: string }) => {
         if ('error' in response) {
           setError(response.error);
           setLoading(false);
@@ -124,8 +149,18 @@ function App() {
 
     const newSocket = io('http://localhost:3000');
 
+    newSocket.on('actionAck', ({ actionId, ok }: { actionId: string; ok: boolean }) => {
+      setPendingActions((prev) => {
+        const next = new Set(prev);
+        next.delete(actionId);
+        return next;
+      });
+    });
+
     newSocket.on('connect', () => {
-      newSocket.emit('join_room', joinRoomCode, displayName, (response: { error: string } | { playerId: string; playerSecret: string }) => {
+      const joinActionId = generateActionId();
+      setPendingActions((prev) => new Set(prev).add(joinActionId));
+      newSocket.emit('join_room', joinActionId, joinRoomCode, displayName, (response: { error: string } | { playerId: string; playerSecret: string }) => {
         if ('error' in response) {
           setError(response.error);
           setLoading(false);
@@ -167,6 +202,9 @@ function App() {
     setError('');
   };
 
+  const isCreatePending = pendingActions.size > 0;
+  const isJoinPending = pendingActions.size > 0;
+
   if (loading) {
     return (
       <div className="container">
@@ -214,8 +252,8 @@ function App() {
             placeholder="Enter your name"
           />
         </div>
-        <button onClick={handleCreateRoom} disabled={loading}>
-          Create Room
+        <button onClick={handleCreateRoom} disabled={loading || isCreatePending} data-pending={isCreatePending}>
+          {isCreatePending ? 'Creating...' : 'Create Room'}
         </button>
         <div className="divider">
           <span>or</span>
@@ -229,8 +267,8 @@ function App() {
             placeholder="Enter room code"
           />
         </div>
-        <button onClick={handleJoinRoom} disabled={loading}>
-          Join Room
+        <button onClick={handleJoinRoom} disabled={loading || isJoinPending} data-pending={isJoinPending}>
+          {isJoinPending ? 'Joining...' : 'Join Room'}
         </button>
       </div>
     </div>
diff --git a/prd.json b/prd.json
index f5ac66a..d7072e2 100644
--- a/prd.json
+++ b/prd.json
@@ -1,7 +1,7 @@
 {
-  "project": "ccu.vc",
-  "branchName": "ralph/chess-clock-uno",
+  "name": "ccu.vc",
   "description": "Implement a Bun-powered, server-authoritative Chess Clock UNO web game with ephemeral rooms (short codes), ephemeral identities (name + avatar), room-wide chat, and a responsive React UI.",
+  "branchName": "ralph/chess-clock-uno",
   "userStories": [
     {
       "id": "US-001",
@@ -14,8 +14,9 @@
         "quality gate: `bun --filter server run typecheck` exits with code 0"
       ],
       "priority": 1,
-      "passes": false,
-      "notes": "Assumes TypeScript is used for server/client/shared to enable typecheck quality gates."
+      "passes": true,
+      "notes": "Assumes TypeScript is used for server/client/shared to enable typecheck quality gates.",
+      "completionNotes": "Completed by agent"
     },
     {
       "id": "US-002",
@@ -29,8 +30,9 @@
         "quality gate: `bun --filter client run typecheck` exits with code 0"
       ],
       "priority": 2,
-      "passes": false,
-      "notes": "If client does not have typecheck script yet, add it as part of this story."
+      "passes": true,
+      "notes": "If client does not have typecheck script yet, add it as part of this story.",
+      "completionNotes": "Completed by agent"
     },
     {
       "id": "US-003",
@@ -43,8 +45,9 @@
         "quality gate: `bun --filter server test` exits with code 0"
       ],
       "priority": 3,
-      "passes": false,
-      "notes": "Server may use Bun's HTTP server or Express-style framework; must remain Bun-compatible."
+      "passes": true,
+      "notes": "Server may use Bun's HTTP server or Express-style framework; must remain Bun-compatible.",
+      "completionNotes": "Completed by agent"
     },
     {
       "id": "US-004",
@@ -58,8 +61,9 @@
         "quality gate: `bun --filter server run typecheck` exits with code 0"
       ],
       "priority": 4,
-      "passes": false,
-      "notes": "Assumes a short-code generator spec: uppercase base32-like alphabet without ambiguous chars is acceptable."
+      "passes": true,
+      "notes": "Assumes a short-code generator spec: uppercase base32-like alphabet without ambiguous chars is acceptable.",
+      "completionNotes": "Completed by agent"
     },
     {
       "id": "US-005",
@@ -73,8 +77,9 @@
         "quality gate: `bun --filter server run typecheck` exits with code 0"
       ],
       "priority": 5,
-      "passes": false,
-      "notes": "Validation rules for `displayName`: 1-24 chars after trimming; reject control characters."
+      "passes": true,
+      "notes": "Validation rules for `displayName`: 1-24 chars after trimming; reject control characters.",
+      "completionNotes": "Completed by agent"
     },
     {
       "id": "US-006",
@@ -88,8 +93,9 @@
         "quality gate: `bun --filter server run typecheck` exits with code 0"
       ],
       "priority": 6,
-      "passes": false,
-      "notes": "Room deletion on zero-connected makes reconnect impossible once everyone leaves, per requirements."
+      "passes": true,
+      "notes": "Room deletion on zero-connected makes reconnect impossible once everyone leaves, per requirements.",
+      "completionNotes": "Completed by agent"
     },
     {
       "id": "US-007",
@@ -103,8 +109,9 @@
         "quality gate: `bun --filter client run typecheck` exits with code 0"
       ],
       "priority": 7,
-      "passes": false,
-      "notes": "No gameplay UI required yet; only lobby + basic room screen acceptable."
+      "passes": true,
+      "notes": "No gameplay UI required yet; only lobby + basic room screen acceptable.",
+      "completionNotes": "Completed by agent"
     },
     {
       "id": "US-008",
@@ -117,8 +124,9 @@
         "quality gate: `bun --filter server run typecheck` exits with code 0"
       ],
       "priority": 8,
-      "passes": false,
-      "notes": "Assumes server uses a per-socket view builder `toGameView(playerId)`."
+      "passes": true,
+      "notes": "Assumes server uses a per-socket view builder `toGameView(playerId)`.",
+      "completionNotes": "Completed by agent"
     },
     {
       "id": "US-009",
@@ -131,8 +139,9 @@
         "quality gate: `bun --filter server run typecheck` exits with code 0"
       ],
       "priority": 9,
-      "passes": false,
-      "notes": "Assumes 1 deck for v1; deckCount configurability can come later."
+      "passes": true,
+      "notes": "Assumes 1 deck for v1; deckCount configurability can come later.",
+      "completionNotes": "Completed by agent"
     },
     {
       "id": "US-010",
@@ -145,8 +154,9 @@
         "quality gate: `bun --filter server run typecheck` exits with code 0"
       ],
       "priority": 10,
-      "passes": false,
-      "notes": "Assumes a host concept exists; if not, first joiner is host."
+      "passes": true,
+      "notes": "Assumes a host concept exists; if not, first joiner is host.",
+      "completionNotes": "Completed by agent"
     },
     {
       "id": "US-011",
@@ -159,8 +169,9 @@
         "quality gate: `bun --filter server run typecheck` exits with code 0"
       ],
       "priority": 11,
-      "passes": false,
-      "notes": ""
+      "passes": true,
+      "notes": "",
+      "completionNotes": "Completed by agent"
     },
     {
       "id": "US-012",
@@ -173,8 +184,9 @@
         "quality gate: `bun --filter server run typecheck` exits with code 0"
       ],
       "priority": 12,
-      "passes": false,
-      "notes": "Special cards handled in subsequent stories."
+      "passes": true,
+      "notes": "Special cards handled in subsequent stories.",
+      "completionNotes": "Completed by agent"
     },
     {
       "id": "US-013",
@@ -187,8 +199,9 @@
         "quality gate: `bun --filter server run typecheck` exits with code 0"
       ],
       "priority": 13,
-      "passes": false,
-      "notes": "Later rules can make draw-and-play optional/configurable."
+      "passes": true,
+      "notes": "Later rules can make draw-and-play optional/configurable.",
+      "completionNotes": "Completed by agent"
     },
     {
       "id": "US-014",
@@ -517,5 +530,8 @@
       "passes": false,
       "notes": "Implementation can use `@use-gesture/react` and `react-spring`."
     }
-  ]
-}
+  ],
+  "metadata": {
+    "updatedAt": "2026-01-17T19:57:46.440Z"
+  }
+}
\ No newline at end of file
diff --git a/server/package.json b/server/package.json
index 533408a..15e35be 100644
--- a/server/package.json
+++ b/server/package.json
@@ -9,8 +9,9 @@
     "test": "bun test"
   },
   "devDependencies": {
-    "typescript": "^5.0.0",
-    "@types/bun": "latest"
+    "@types/bun": "latest",
+    "socket.io-client": "^4.8.3",
+    "typescript": "^5.0.0"
   },
   "dependencies": {
     "shared": "workspace:*",
diff --git a/server/src/index.ts b/server/src/index.ts
index b05edea..c4b03a0 100644
--- a/server/src/index.ts
+++ b/server/src/index.ts
@@ -70,15 +70,17 @@ function generatePlayerSecret(): string {
 io.on('connection', (socket) => {
   console.log(`Client connected: ${socket.id}`);
   
-  (socket as any).on('create_room', (callback: (response: { roomCode: string }) => void) => {
+  socket.on('create_room', (actionId: string, callback: (response: { roomCode: string }) => void) => {
     const room = roomManager.createRoom();
+    socket.emit('actionAck', { actionId, ok: true });
     callback({ roomCode: room.code });
   });
   
-  (socket as any).on('join_room', (roomCode: string, displayName: string, callback: (response: { playerId: string; playerSecret: string } | { error: string }) => void) => {
+  socket.on('join_room', (actionId: string, roomCode: string, displayName: string, callback: (response: { playerId: string; playerSecret: string } | { error: string }) => void) => {
     const validation = validateDisplayName(displayName);
     
     if (!validation.valid) {
+      socket.emit('actionAck', { actionId, ok: false });
       callback({ error: validation.error || 'Invalid display name' });
       return;
     }
@@ -86,6 +88,7 @@ io.on('connection', (socket) => {
     const room = roomManager.getRoom(roomCode);
     
     if (!room) {
+      socket.emit('actionAck', { actionId, ok: false });
       callback({ error: 'Room not found' });
       return;
     }
@@ -112,13 +115,15 @@ io.on('connection', (socket) => {
     socket.join(roomCode);
     broadcastGameStateUpdate(roomCode);
     
+    socket.emit('actionAck', { actionId, ok: true });
     callback({ playerId, playerSecret });
   });
   
-  (socket as any).on('reconnect_room', (roomCode: string, playerId: string, playerSecret: string, callback: (response: { success: boolean; error?: string }) => void) => {
+  socket.on('reconnect_room', (actionId: string, roomCode: string, playerId: string, playerSecret: string, callback: (response: { success: boolean; error?: string }) => void) => {
     const room = roomManager.handlePlayerReconnection(roomCode, socket.id, playerId, playerSecret);
     
     if (!room) {
+      socket.emit('actionAck', { actionId, ok: false });
       callback({ success: false, error: 'Reconnection failed' });
       return;
     }
@@ -129,13 +134,15 @@ io.on('connection', (socket) => {
     socket.join(roomCode);
     broadcastGameStateUpdate(roomCode);
     
+    socket.emit('actionAck', { actionId, ok: true });
     callback({ success: true });
   });
   
-  (socket as any).on('start_game', (callback: (response: { success: boolean; error?: string }) => void) => {
+  socket.on('start_game', (actionId: string, callback: (response: { success: boolean; error?: string }) => void) => {
     const roomCode = socketRoomMap.get(socket.id);
     
     if (!roomCode) {
+      socket.emit('actionAck', { actionId, ok: false });
       callback({ success: false, error: 'Not in a room' });
       return;
     }
@@ -143,18 +150,21 @@ io.on('connection', (socket) => {
     const room = roomManager.getRoom(roomCode);
     
     if (!room) {
+      socket.emit('actionAck', { actionId, ok: false });
       callback({ success: false, error: 'Room not found' });
       return;
     }
     
     const playerData = socketPlayerMap.get(socket.id);
     if (!playerData) {
+      socket.emit('actionAck', { actionId, ok: false });
       callback({ success: false, error: 'Player not found' });
       return;
     }
     
     const firstPlayerId = Array.from(room.players.keys())[0];
     if (playerData.playerId !== firstPlayerId) {
+      socket.emit('actionAck', { actionId, ok: false });
       callback({ success: false, error: 'Only the host can start the game' });
       return;
     }
@@ -164,8 +174,10 @@ io.on('connection', (socket) => {
       io.to(roomCode).emit('roomUpdated', room.state);
       io.to(roomCode).emit('gameStarted');
       broadcastGameStateUpdate(roomCode);
+      socket.emit('actionAck', { actionId, ok: true });
       callback({ success: true });
     } catch (error) {
+      socket.emit('actionAck', { actionId, ok: false });
       callback({ success: false, error: (error as Error).message });
     }
   });
diff --git a/shared/src/index.ts b/shared/src/index.ts
index 26a666c..67762f4 100644
--- a/shared/src/index.ts
+++ b/shared/src/index.ts
@@ -42,14 +42,14 @@ export type GameView = {
 };
 
 export type ClientToServerEvents = {
-  create_room: (callback: (response: { roomCode: string }) => void) => void;
-  join_room: (roomCode: string, displayName: string, callback: (response: { playerId: string; playerSecret: string } | { error: string }) => void) => void;
-  reconnect_room: (roomCode: string, playerId: string, playerSecret: string, callback: (response: { success: boolean; error?: string }) => void) => void;
+  create_room: (actionId: string, callback: (response: { roomCode: string }) => void) => void;
+  join_room: (actionId: string, roomCode: string, displayName: string, callback: (response: { playerId: string; playerSecret: string } | { error: string }) => void) => void;
+  reconnect_room: (actionId: string, roomCode: string, playerId: string, playerSecret: string, callback: (response: { success: boolean; error?: string }) => void) => void;
   joinRoom: (roomId: string) => void;
   leaveRoom: () => void;
   updatePlayer: (data: Partial<PlayerPrivate>) => void;
   playerReady: () => void;
-  start_game: (callback: (response: { success: boolean; error?: string }) => void) => void;
+  start_game: (actionId: string, callback: (response: { success: boolean; error?: string }) => void) => void;
 };
 
 export type ServerToClientEvents = {
@@ -59,4 +59,5 @@ export type ServerToClientEvents = {
   gameStarted: () => void;
   gameStateUpdate: (view: GameView) => void;
   error: (message: string) => void;
+  actionAck: (data: { actionId: string; ok: boolean }) => void;
 };

[91m[1m| [0m[90m Bash     [0mShow recent commit messages

095620c Implement draw card action and end-turn behavior (US-013)
ad1949a Implement playCard validation for number and color matches (US-012)
a7724af Implement turn order logic with direction and skipping disconnected players (US-011)
387ed76 Implement start game flow: deal hands and initialize discard pile (US-010)
b691238 Implement UNO deck generation and shuffle functionality


[91m[1m| [0m[90m Bash     [0mCommit US-014 implementation
warning: in the working copy of 'client/src/App.tsx', LF will be replaced by CRLF the next time Git touches it
warning: in the working copy of 'server/src/index.ts', LF will be replaced by CRLF the next time Git touches it
warning: in the working copy of 'shared/src/index.ts', LF will be replaced by CRLF the next time Git touches it
[main e4e59e2] Implement actionId-based actionAck responses and pending UX hooks
 3 files changed, 67 insertions(+), 16 deletions(-)

[91m[1m| [0m[90m Bash     [0mVerify server typecheck passes

$ tsc --noEmit

[91m[1m| [0m[90m Bash     [0mVerify client typecheck passes

$ tsc --noEmit

[91m[1m| [0m[90m Bash     [0mVerify client build passes

$ tsc --noEmit && vite build
[36mvite v5.4.21 [32mbuilding for production...[36m[39m
transforming...
[32m✓[39m 60 modules transformed.
rendering chunks...
computing gzip size...
[2mdist/[22m[32mindex.html                 [39m[1m[2m  0.39 kB[22m[1m[22m[2m │ gzip:  0.27 kB[22m
[2mdist/[22m[35massets/index-D8X-SmYZ.css  [39m[1m[2m  1.78 kB[22m[1m[22m[2m │ gzip:  0.80 kB[22m
[2mdist/[22m[36massets/index-X9MZSYc1.js   [39m[1m[2m188.80 kB[22m[1m[22m[2m │ gzip: 62.54 kB[22m
[32m✓ built in 1.53s[39m

